[    0.000000] Initializing cgroup subsys cpuset
[    0.000000] Initializing cgroup subsys cpu
[    0.000000] Initializing cgroup subsys cpuacct
[    0.000000] Linux version 4.4.0-210-generic (buildd@lgw01-amd64-009) (gcc version 5.4.0 20160609 (Ubuntu 5.4.0-6ubuntu1~16.04.12) ) #242-Ubuntu SMP Fri Apr 16 09:57:56 UTC 2021 (Ubuntu 4.4.0-210.242-generic 4.4.262)
[    0.000000] Command line: BOOT_IMAGE=/boot/vmlinuz-4.4.0-210-generic root=LABEL=cloudimg-rootfs ro console=tty1 console=ttyS0
[    0.000000] KERNEL supported cpus:
[    0.000000]   Intel GenuineIntel
[    0.000000]   AMD AuthenticAMD
[    0.000000]   Centaur CentaurHauls
[    0.000000] x86/fpu: Legacy x87 FPU detected.
[    0.000000] e820: BIOS-provided physical RAM map:
[    0.000000] BIOS-e820: [mem 0x0000000000000000-0x000000000009fbff] usable
[    0.000000] BIOS-e820: [mem 0x000000000009fc00-0x000000000009ffff] reserved
[    0.000000] BIOS-e820: [mem 0x00000000000f0000-0x00000000000fffff] reserved
[    0.000000] BIOS-e820: [mem 0x0000000000100000-0x000000003ffeffff] usable
[    0.000000] BIOS-e820: [mem 0x000000003fff0000-0x000000003fffffff] ACPI data
[    0.000000] BIOS-e820: [mem 0x00000000fec00000-0x00000000fec00fff] reserved
[    0.000000] BIOS-e820: [mem 0x00000000fee00000-0x00000000fee00fff] reserved
[    0.000000] BIOS-e820: [mem 0x00000000fffc0000-0x00000000ffffffff] reserved
[    0.000000] NX (Execute Disable) protection: active
[    0.000000] SMBIOS 2.5 present.
[    0.000000] Hypervisor detected: KVM
[    0.000000] Kernel/User page tables isolation: disabled
[    0.000000] e820: last_pfn = 0x3fff0 max_arch_pfn = 0x400000000
[    0.000000] MTRR: Disabled
[    0.000000] x86/PAT: MTRRs disabled, skipping PAT initialization too.
[    0.000000] CPU MTRRs all blank - virtualized system.
[    0.000000] x86/PAT: Configuration [0-7]: WB  WT  UC- UC  WB  WT  UC- UC  
[    0.000000] found SMP MP-table at [mem 0x0009fff0-0x0009ffff] mapped at [ffff88000009fff0]
[    0.000000] Scanning 1 areas for low memory corruption
[    0.000000] RAMDISK: [mem 0x362dc000-0x37165fff]
[    0.000000] ACPI: Early table checksum verification disabled
[    0.000000] ACPI: RSDP 0x00000000000E0000 000024 (v02 VBOX  )
[    0.000000] ACPI: XSDT 0x000000003FFF0030 00003C (v01 VBOX   VBOXXSDT 00000001 ASL  00000061)
[    0.000000] ACPI: FACP 0x000000003FFF00F0 0000F4 (v04 VBOX   VBOXFACP 00000001 ASL  00000061)
[    0.000000] ACPI: DSDT 0x000000003FFF0610 002353 (v02 VBOX   VBOXBIOS 00000002 INTL 20100528)
[    0.000000] ACPI: FACS 0x000000003FFF0200 000040
[    0.000000] ACPI: FACS 0x000000003FFF0200 000040
[    0.000000] ACPI: APIC 0x000000003FFF0240 00005C (v02 VBOX   VBOXAPIC 00000001 ASL  00000061)
[    0.000000] ACPI: SSDT 0x000000003FFF02A0 00036C (v01 VBOX   VBOXCPUT 00000002 INTL 20100528)
[    0.000000] No NUMA configuration found
[    0.000000] Faking a node at [mem 0x0000000000000000-0x000000003ffeffff]
[    0.000000] NODE_DATA(0) allocated [mem 0x3ffeb000-0x3ffeffff]
[    0.000000] kvm-clock: Using msrs 4b564d01 and 4b564d00
[    0.000000] kvm-clock: cpu 0, msr 0:3ffe3001, primary cpu clock
[    0.000000] kvm-clock: using sched offset of 4917415010 cycles
[    0.000000] clocksource: kvm-clock: mask: 0xffffffffffffffff max_cycles: 0x1cd42e4dffb, max_idle_ns: 881590591483 ns
[    0.000000] Zone ranges:
[    0.000000]   DMA      [mem 0x0000000000001000-0x0000000000ffffff]
[    0.000000]   DMA32    [mem 0x0000000001000000-0x000000003ffeffff]
[    0.000000]   Normal   empty
[    0.000000]   Device   empty
[    0.000000] Movable zone start for each node
[    0.000000] Early memory node ranges
[    0.000000]   node   0: [mem 0x0000000000001000-0x000000000009efff]
[    0.000000]   node   0: [mem 0x0000000000100000-0x000000003ffeffff]
[    0.000000] Initmem setup node 0 [mem 0x0000000000001000-0x000000003ffeffff]
[    0.000000] ACPI: PM-Timer IO Port: 0x4008
[    0.000000] IOAPIC[0]: apic_id 2, version 32, address 0xfec00000, GSI 0-23
[    0.000000] ACPI: INT_SRC_OVR (bus 0 bus_irq 0 global_irq 2 dfl dfl)
[    0.000000] ACPI: INT_SRC_OVR (bus 0 bus_irq 9 global_irq 9 low level)
[    0.000000] Using ACPI (MADT) for SMP configuration information
[    0.000000] smpboot: Allowing 2 CPUs, 0 hotplug CPUs
[    0.000000] PM: Registered nosave memory: [mem 0x00000000-0x00000fff]
[    0.000000] PM: Registered nosave memory: [mem 0x0009f000-0x0009ffff]
[    0.000000] PM: Registered nosave memory: [mem 0x000a0000-0x000effff]
[    0.000000] PM: Registered nosave memory: [mem 0x000f0000-0x000fffff]
[    0.000000] e820: [mem 0x40000000-0xfebfffff] available for PCI devices
[    0.000000] Booting paravirtualized kernel on KVM
[    0.000000] clocksource: refined-jiffies: mask: 0xffffffff max_cycles: 0xffffffff, max_idle_ns: 7645519600211568 ns
[    0.000000] setup_percpu: NR_CPUS:512 nr_cpumask_bits:512 nr_cpu_ids:2 nr_node_ids:1
[    0.000000] PERCPU: Embedded 33 pages/cpu @ffff88003fc00000 s95192 r8192 d31784 u1048576
[    0.000000] Built 1 zonelists in Node order, mobility grouping on.  Total pages: 257912
[    0.000000] Policy zone: DMA32
[    0.000000] Kernel command line: BOOT_IMAGE=/boot/vmlinuz-4.4.0-210-generic root=LABEL=cloudimg-rootfs ro console=tty1 console=ttyS0
[    0.000000] PID hash table entries: 4096 (order: 3, 32768 bytes)
[    0.000000] Memory: 997792K/1048120K available (8644K kernel code, 1332K rwdata, 4044K rodata, 1492K init, 1164K bss, 50328K reserved, 0K cma-reserved)
[    0.000000] SLUB: HWalign=64, Order=0-3, MinObjects=0, CPUs=2, Nodes=1
[    0.000000] Hierarchical RCU implementation.
[    0.000000] 	Build-time adjustment of leaf fanout to 64.
[    0.000000] 	RCU restricting CPUs from NR_CPUS=512 to nr_cpu_ids=2.
[    0.000000] RCU: Adjusting geometry for rcu_fanout_leaf=64, nr_cpu_ids=2
[    0.000000] NR_IRQS:33024 nr_irqs:440 16
[    0.000000] Console: colour VGA+ 80x25
[    0.000000] console [tty1] enabled
[    0.000000] console [ttyS0] enabled
[    0.000000] tsc: Detected 2304.006 MHz processor
[    1.422079] Calibrating delay loop (skipped) preset value.. 4608.01 BogoMIPS (lpj=9216024)
[    1.449584] pid_max: default: 32768 minimum: 301
[    1.462725] ACPI: Core revision 20150930
[    1.479941] ACPI: 2 ACPI AML tables successfully acquired and loaded
[    1.502192] Security Framework initialized
[    1.515061] Yama: becoming mindful.
[    1.527544] AppArmor: AppArmor initialized
[    1.542915] Dentry cache hash table entries: 131072 (order: 8, 1048576 bytes)
[    1.581796] Inode-cache hash table entries: 65536 (order: 7, 524288 bytes)
[    1.610849] Mount-cache hash table entries: 2048 (order: 2, 16384 bytes)
[    1.634268] Mountpoint-cache hash table entries: 2048 (order: 2, 16384 bytes)
[    1.661694] Initializing cgroup subsys io
[    1.676199] Initializing cgroup subsys memory
[    1.689484] Initializing cgroup subsys devices
[    1.704853] Initializing cgroup subsys freezer
[    1.720081] Initializing cgroup subsys net_cls
[    1.733976] Initializing cgroup subsys perf_event
[    1.752512] Initializing cgroup subsys net_prio
[    1.767203] Initializing cgroup subsys hugetlb
[    1.785824] Initializing cgroup subsys pids
[    1.831970] mce: CPU supports 0 MCE banks
[    1.845824] Last level iTLB entries: 4KB 64, 2MB 8, 4MB 8
[    1.864596] Last level dTLB entries: 4KB 64, 2MB 0, 4MB 0, 1GB 4
[    1.884986] Spectre V1 : Mitigation: usercopy/swapgs barriers and __user pointer sanitization
[    1.914232] Spectre V2 : Mitigation: Enhanced IBRS
[    1.930845] Spectre V2 : Spectre v2 / SpectreRSB mitigation: Filling RSB on context switch
[    1.959677] Speculative Store Bypass: Vulnerable
[    1.975751] SRBDS: Mitigation: TSX disabled
[    2.093947] Freeing SMP alternatives memory: 36K
[    2.312671] ftrace: allocating 32380 entries in 127 pages
[    3.688329] smpboot: APIC(0) Converting physical 0 to logical package 0
[    3.704968] smpboot: Max logical packages: 1
[    3.751238] ..TIMER: vector=0x30 apic1=0 pin1=2 apic2=-1 pin2=-1
[    3.873892] APIC calibration not consistent with PM-Timer: 101ms instead of 100ms
[    3.889413] APIC delta adjusted to PM-Timer: 6362696 (6478164)
[    3.902069] smpboot: CPU0: Intel(R) Core(TM) i7-10510U CPU @ 1.80GHz (family: 0x6, model: 0x8e, stepping: 0xc)
[    3.928231] Performance Events: unsupported p6 CPU model 142 no PMU driver, software events only.
[    4.161634] KVM setup paravirtual spinlock
[    4.177020] x86: Booting SMP configuration:
[    4.185464] .... node  #0, CPUs:      #1
[    4.197335] kvm-clock: cpu 1, msr 0:3ffe3041, secondary cpu clock
[    4.232546] mce: CPU supports 0 MCE banks
[    4.239603] x86: Booted up 1 node, 2 CPUs
[    4.248649] smpboot: Total of 2 processors activated (9216.02 BogoMIPS)
[    4.271031] devtmpfs: initialized
[    4.283093] evm: security.selinux
[    4.290488] evm: security.SMACK64
[    4.297403] evm: security.SMACK64EXEC
[    4.305753] evm: security.SMACK64TRANSMUTE
[    4.315261] evm: security.SMACK64MMAP
[    4.323382] evm: security.ima
[    4.331303] evm: security.capability
[    4.340355] clocksource: jiffies: mask: 0xffffffff max_cycles: 0xffffffff, max_idle_ns: 7645041785100000 ns
[    4.360114] futex hash table entries: 512 (order: 3, 32768 bytes)
[    4.374076] pinctrl core: initialized pinctrl subsystem
[    4.385828] RTC time:  6:17:23, date: 01/21/23
[    4.396850] NET: Registered protocol family 16
[    4.415260] cpuidle: using governor ladder
[    4.433935] cpuidle: using governor menu
[    4.441705] PCCT header not found.
[    4.449737] ACPI: bus type PCI registered
[    4.458221] acpiphp: ACPI Hot Plug PCI Controller Driver version: 0.5
[    4.472219] PCI: Using configuration type 1 for base access
[    4.511057] ACPI: Added _OSI(Module Device)
[    4.519467] ACPI: Added _OSI(Processor Device)
[    4.528991] ACPI: Added _OSI(3.0 _SCP Extensions)
[    4.538070] ACPI: Added _OSI(Processor Aggregator Device)
[    4.551684] ACPI: Executed 1 blocks of module-level executable AML code
[    4.575428] ACPI: Interpreter enabled
[    4.583191] ACPI: (supports S0 S5)
[    4.590343] ACPI: Using IOAPIC for interrupt routing
[    4.601673] PCI: Using host bridge windows from ACPI; if necessary, use "pci=nocrs" and report a bug
[    4.637660] ACPI: PCI Root Bridge [PCI0] (domain 0000 [bus 00-ff])
[    4.650011] acpi PNP0A03:00: _OSC: OS supports [ASPM ClockPM Segments MSI]
[    4.664946] acpi PNP0A03:00: _OSC: not requesting OS control; OS requires [ExtendedConfig ASPM ClockPM MSI]
[    4.683556] acpi PNP0A03:00: fail to add MMCONFIG information, can't access extended PCI configuration space under this bridge.
[    4.706566] PCI host bridge to bus 0000:00
[    4.714864] pci_bus 0000:00: root bus resource [io  0x0000-0x0cf7 window]
[    4.728215] pci_bus 0000:00: root bus resource [io  0x0d00-0xffff window]
[    4.741703] pci_bus 0000:00: root bus resource [mem 0x000a0000-0x000bffff window]
[    4.756206] pci_bus 0000:00: root bus resource [mem 0x40000000-0xfdffffff window]
[    4.771064] pci_bus 0000:00: root bus resource [bus 00-ff]
[    4.796887] pci 0000:00:01.1: legacy IDE quirk: reg 0x10: [io  0x01f0-0x01f7]
[    4.810617] pci 0000:00:01.1: legacy IDE quirk: reg 0x14: [io  0x03f6]
[    4.823761] pci 0000:00:01.1: legacy IDE quirk: reg 0x18: [io  0x0170-0x0177]
[    4.837371] pci 0000:00:01.1: legacy IDE quirk: reg 0x1c: [io  0x0376]
[    4.899359] pci 0000:00:07.0: quirk: [io  0x4000-0x403f] claimed by PIIX4 ACPI
[    4.914930] pci 0000:00:07.0: quirk: [io  0x4100-0x410f] claimed by PIIX4 SMB
[    4.949392] ACPI: PCI Interrupt Link [LNKA] (IRQs 5 9 10 *11)
[    4.968049] ACPI: PCI Interrupt Link [LNKB] (IRQs 5 9 *10 11)
[    5.032142] ACPI: PCI Interrupt Link [LNKC] (IRQs 5 *9 10 11)
[    5.050383] ACPI: PCI Interrupt Link [LNKD] (IRQs 5 9 10 *11)
[    5.071164] ACPI: Enabled 2 GPEs in block 00 to 07
[    5.084960] vgaarb: setting as boot device: PCI:0000:00:02.0
[    5.099559] vgaarb: device added: PCI:0000:00:02.0,decodes=io+mem,owns=io+mem,locks=none
[    5.121109] vgaarb: loaded
[    5.128598] vgaarb: bridge control possible 0000:00:02.0
[    5.144900] SCSI subsystem initialized
[    5.158436] ACPI: bus type USB registered
[    5.170766] usbcore: registered new interface driver usbfs
[    5.184016] usbcore: registered new interface driver hub
[    5.196945] usbcore: registered new device driver usb
[    5.212692] PCI: Using ACPI for IRQ routing
[    5.224194] NetLabel: Initializing
[    5.234388] NetLabel:  domain hash size = 128
[    5.244291] NetLabel:  protocols = UNLABELED CIPSOv4
[    5.258095] NetLabel:  unlabeled traffic allowed by default
[    5.273600] amd_nb: Cannot enumerate AMD northbridges
[    5.286180] clocksource: Switched to clocksource kvm-clock
[    5.360905] AppArmor: AppArmor Filesystem Enabled
[    5.370488] pnp: PnP ACPI init
[    5.380821] pnp: PnP ACPI: found 3 devices
[    5.478920] clocksource: acpi_pm: mask: 0xffffff max_cycles: 0xffffff, max_idle_ns: 2085701024 ns
[    5.497296] NET: Registered protocol family 2
[    5.510946] TCP established hash table entries: 8192 (order: 4, 65536 bytes)
[    5.525991] TCP bind hash table entries: 8192 (order: 5, 131072 bytes)
[    5.540160] TCP: Hash tables configured (established 8192 bind 8192)
[    5.553788] UDP hash table entries: 512 (order: 2, 16384 bytes)
[    5.566282] UDP-Lite hash table entries: 512 (order: 2, 16384 bytes)
[    5.579205] NET: Registered protocol family 1
[    5.587845] pci 0000:00:00.0: Limiting direct PCI/PCI transfers
[    5.600142] pci 0000:00:01.0: Activating ISA DMA hang workarounds
[    5.613573] Unpacking initramfs...
[    6.488590] Freeing initrd memory: 14888K
[    6.512357] clocksource: tsc: mask: 0xffffffffffffffff max_cycles: 0x2135fd711f6, max_idle_ns: 440795262176 ns
[    6.549654] platform rtc_cmos: registered platform RTC device (no PNP device found)
[    6.572024] Scanning for low memory corruption every 60 seconds
[    6.588856] audit: initializing netlink subsys (disabled)
[    6.602034] audit: type=2000 audit(1674281848.119:1): initialized
[    6.617678] Initialise system trusted keyring
[    6.632449] HugeTLB registered 2 MB page size, pre-allocated 0 pages
[    6.653668] zbud: loaded
[    6.664063] VFS: Disk quotas dquot_6.6.0
[    6.674500] VFS: Dquot-cache hash table entries: 512 (order 0, 4096 bytes)
[    6.694010] squashfs: version 4.0 (2009/01/31) Phillip Lougher
[    6.712092] fuse init (API version 7.23)
[    6.723939] Key type big_key registered
[    6.734660] Allocating IMA MOK and blacklist keyrings.
[    6.768840] Key type asymmetric registered
[    6.781720] Asymmetric key parser 'x509' registered
[    6.795825] Block layer SCSI generic (bsg) driver version 0.4 loaded (major 249)
[    6.817940] io scheduler noop registered
[    6.831745] io scheduler deadline registered (default)
[    6.844928] io scheduler cfq registered
[    6.857666] pci_hotplug: PCI Hot Plug PCI Core version: 0.5
[    6.874442] pciehp: PCI Express Hot Plug Controller Driver version: 0.4
[    6.893080] ACPI: AC Adapter [AC] (on-line)
[    6.905758] input: Power Button as /devices/LNXSYSTM:00/LNXPWRBN:00/input/input0
[    6.928807] ACPI: Power Button [PWRF]
[    6.940939] input: Sleep Button as /devices/LNXSYSTM:00/LNXSLPBN:00/input/input1
[    6.961530] ACPI: Sleep Button [SLPF]
[    6.973143] GHES: HEST is not enabled!
[    6.977940] ACPI: Battery Slot [BAT0] (battery present)
[    6.998140] Serial: 8250/16550 driver, 32 ports, IRQ sharing enabled
[    7.087469] 00:02: ttyS0 at I/O 0x3f8 (irq = 4, base_baud = 115200) is a 16550A
[    7.122155] Linux agpgart interface v0.103
[    7.173913] loop: module loaded
[    7.196477] scsi host0: ata_piix
[    7.212279] scsi host1: ata_piix
[    7.223974] ata1: PATA max UDMA/33 cmd 0x1f0 ctl 0x3f6 bmdma 0xd000 irq 14
[    7.245715] ata2: PATA max UDMA/33 cmd 0x170 ctl 0x376 bmdma 0xd008 irq 15
[    7.267374] libphy: Fixed MDIO Bus: probed
[    7.283363] tun: Universal TUN/TAP device driver, 1.6
[    7.297753] tun: (C) 1999-2004 Max Krasnyansky <maxk@qualcomm.com>
[    7.314446] PPP generic driver version 2.4.2
[    7.326981] ehci_hcd: USB 2.0 'Enhanced' Host Controller (EHCI) Driver
[    7.346184] ehci-pci: EHCI PCI platform driver
[    7.359444] ehci-platform: EHCI generic platform driver
[    7.372043] ohci_hcd: USB 1.1 'Open' Host Controller (OHCI) Driver
[    7.386536] ohci-pci: OHCI PCI platform driver
[    7.397857] ohci-platform: OHCI generic platform driver
[    7.410787] uhci_hcd: USB Universal Host Controller Interface driver
[    7.425984] i8042: PNP: PS/2 Controller [PNP0303:PS2K,PNP0f03:PS2M] at 0x60,0x64 irq 1,12
[    7.550949] serio: i8042 KBD port at 0x60,0x64 irq 1
[    7.562872] serio: i8042 AUX port at 0x60,0x64 irq 12
[    7.576601] mousedev: PS/2 mouse device common for all mice
[    7.598995] input: AT Translated Set 2 keyboard as /devices/platform/i8042/serio0/input/input2
[    7.616466] rtc_cmos rtc_cmos: rtc core: registered rtc_cmos as rtc0
[    7.630735] rtc_cmos rtc_cmos: alarms up to one day, 114 bytes nvram
[    7.643446] i2c /dev entries driver
[    7.650970] device-mapper: uevent: version 1.0.3
[    7.661120] device-mapper: ioctl: 4.34.0-ioctl (2015-10-28) initialised: dm-devel@redhat.com
[    7.677325] ledtrig-cpu: registered to indicate activity on CPUs
[    7.694543] NET: Registered protocol family 10
[    7.705055] NET: Registered protocol family 17
[    7.713978] Key type dns_resolver registered
[    7.726690] registered taskstats version 1
[    7.734731] Loading compiled-in X.509 certificates
[    7.745471] Loaded X.509 cert 'Build time autogenerated kernel key: cf00e047681d67edb2720680708b7d9498083038'
[    7.764505] zswap: loaded using pool lzo/zbud
[    7.781113] Key type trusted registered
[    7.803406] Key type encrypted registered
[    7.811646] AppArmor: AppArmor sha1 policy hashing enabled
[    7.822221] ima: No TPM chip found, activating TPM-bypass!
[    7.833012] ima: Allocated hash algorithm: sha1
[    7.842327] evm: HMAC attrs: 0x1
[    7.851460]   Magic number: 7:899:266
[    7.860074] rtc_cmos rtc_cmos: setting system clock to 2023-01-21 06:17:26 UTC (1674281846)
[    7.876298] BIOS EDD facility v0.16 2004-Jun-25, 0 devices found
[    7.888043] EDD information not available.
[    7.902108] Freeing unused kernel memory: 1492K
[    7.923526] Write protecting the kernel read-only data: 14336k
[    7.938435] Freeing unused kernel memory: 1584K
[    7.950606] Freeing unused kernel memory: 52K
Loading, please wait...
starting version 229
[    8.029791] random: systemd-udevd: uninitialized urandom read (16 bytes read, 10 bits of entropy available)
[    8.032551] random: udevadm: uninitialized urandom read (16 bytes read, 10 bits of entropy available)
[    8.032601] random: udevadm: uninitialized urandom read (16 bytes read, 10 bits of entropy available)
[    8.067666] random: udevadm: uninitialized urandom read (16 bytes read, 10 bits of entropy available)
[    8.067780] random: udevadm: uninitialized urandom read (16 bytes read, 10 bits of entropy available)
[    8.068185] random: udevadm: uninitialized urandom read (16 bytes read, 10 bits of entropy available)
[    8.068304] random: udevadm: uninitialized urandom read (16 bytes read, 10 bits of entropy available)
[    8.068505] random: udevadm: uninitialized urandom read (16 bytes read, 10 bits of entropy available)
[    8.068730] random: udevadm: uninitialized urandom read (16 bytes read, 10 bits of entropy available)
[    8.068844] random: udevadm: uninitialized urandom read (16 bytes read, 10 bits of entropy available)
[    8.360088] e1000: Intel(R) PRO/1000 Network Driver - version 7.3.21-k8-NAPI
[    8.377083] e1000: Copyright (c) 1999-2006 Intel Corporation.
[    8.407534] Fusion MPT base driver 3.04.20
[    8.417172] Copyright (c) 1999-2008 LSI Corporation
[    8.568719] Fusion MPT SPI Host driver 3.04.20
[    8.603609] SSE version of gcm_enc/dec engaged.
[    8.858189] input: ImExPS/2 Generic Explorer Mouse as /devices/platform/i8042/serio1/input/input4
[    9.809026] e1000 0000:00:03.0 eth0: (PCI:33MHz:32-bit) 02:be:82:6b:cc:1d
[    9.824708] e1000 0000:00:03.0 eth0: Intel(R) PRO/1000 Network Connection
[    9.844019] mptbase: ioc0: Initiating bringup
[    9.846029] e1000 0000:00:03.0 enp0s3: renamed from eth0
[    9.949015] ioc0: LSI53C1030 A0: Capabilities={Initiator}
[   10.161746] scsi host2: ioc0: LSI53C1030 A0, FwRev=00000000h, Ports=1, MaxQ=256, IRQ=20
[   10.293583] scsi 2:0:0:0: Direct-Access     VBOX     HARDDISK         1.0  PQ: 0 ANSI: 5
[   10.312997] scsi target2:0:0: Beginning Domain Validation
[   10.337693] scsi target2:0:0: Domain Validation skipping write tests
[   10.352632] scsi target2:0:0: Ending Domain Validation
[   10.365347] scsi target2:0:0: asynchronous
[   10.380694] scsi 2:0:1:0: Direct-Access     VBOX     HARDDISK         1.0  PQ: 0 ANSI: 5
[   10.398571] scsi target2:0:1: Beginning Domain Validation
[   10.422831] scsi target2:0:1: Domain Validation skipping write tests
[   10.437812] scsi target2:0:1: Ending Domain Validation
[   10.451026] scsi target2:0:1: asynchronous
[   10.521246] sd 2:0:0:0: [sda] 83886080 512-byte logical blocks: (42.9 GB/40.0 GiB)
[   10.539728] sd 2:0:0:0: Attached scsi generic sg0 type 0
[   10.555174] sd 2:0:1:0: Attached scsi generic sg1 type 0
[   10.570060] sd 2:0:0:0: [sda] Write Protect is off
[   10.580838] sd 2:0:1:0: [sdb] 20480 512-byte logical blocks: (10.5 MB/10.0 MiB)
[   10.606536] sd 2:0:0:0: [sda] Incomplete mode parameter data
[   10.620757] sd 2:0:0:0: [sda] Assuming drive cache: write through
[   10.621612] sd 2:0:1:0: [sdb] Write Protect is off
[   10.622967] sd 2:0:1:0: [sdb] Incomplete mode parameter data
[   10.622970] sd 2:0:1:0: [sdb] Assuming drive cache: write through
[   10.639684] sd 2:0:1:0: [sdb] Attached SCSI disk
[   10.693172]  sda: sda1
[   10.708644] sd 2:0:0:0: [sda] Attached SCSI disk
Begin: Loading essential drivers ... [   13.757158] md: linear personality registered for level -1
[   13.785308] md: multipath personality registered for level -4
[   13.816362] md: raid0 personality registered for level 0
[   13.870150] md: raid1 personality registered for level 1
[   13.966404] raid6: sse2x1   gen()  3384 MB/s
[   14.042930] raid6: sse2x1   xor()  1913 MB/s
[   14.118510] raid6: sse2x2   gen()  5235 MB/s
[   14.195733] raid6: sse2x2   xor()  3595 MB/s
[   14.271646] raid6: sse2x4   gen()  5962 MB/s
[   14.346590] raid6: sse2x4   xor()  4060 MB/s
[   14.355198] raid6: using algorithm sse2x4 gen() 5962 MB/s
[   14.365534] raid6: .... xor() 4060 MB/s, rmw enabled
[   14.375979] raid6: using ssse3x2 recovery algorithm
[   14.391961] xor: measuring software checksum speed
[   14.438829]    prefetch64-sse:  9504.000 MB/sec
[   14.486731]    generic_sse:  8833.000 MB/sec
[   14.495710] xor: using function: prefetch64-sse (9504.000 MB/sec)
[   14.512658] async_tx: api initialized (async)
[   14.612381] md: raid6 personality registered for level 6
[   14.623229] md: raid5 personality registered for level 5
[   14.634706] md: raid4 personality registered for level 4
[   14.693711] md: raid10 personality registered for level 10
done.
Begin: Running /scripts/init-premount ... done.
Begin: Mounting root file system ... Begin: Running /scripts/local-top ... done.
Begin: Running /scripts/local-premount ... [   14.924678] Btrfs loaded
Scanning for Btrfs filesystems
done.
Warning: fsck not present, so skipping root file system
[   15.051315] EXT4-fs (sda1): mounted filesystem with ordered data mode. Opts: (null)
done.
Begin: Running /scripts/local-bottom ... done.
Begin: Running /scripts/init-bottom ... done.
[   15.484798] systemd[1]: systemd 229 running in system mode. (+PAM +AUDIT +SELINUX +IMA +APPARMOR +SMACK +SYSVINIT +UTMP +LIBCRYPTSETUP +GCRYPT +GNUTLS +ACL +XZ -LZ4 +SECCOMP +BLKID +ELFUTILS +KMOD -IDN)
[   15.524488] systemd[1]: Detected virtualization oracle.
[   15.536739] systemd[1]: Detected architecture x86-64.

Welcome to [1mUbuntu 16.04.7 LTS[0m!

[   15.577371] systemd[1]: Set hostname to <ubuntu>.
[   15.605439] systemd[1]: Initializing machine ID from random generator.
[   15.620631] systemd[1]: Installed transient /etc/machine-id file.
[   16.049804] random: nonblocking pool is initialized
[   16.181422] systemd[1]: Reached target Swap.
[[0;32m  OK  [0m] Reached target Swap.
[   16.203711] systemd[1]: Listening on Journal Socket (/dev/log).
[[0;32m  OK  [0m] Listening on Journal Socket (/dev/log).
[   16.228866] systemd[1]: Reached target Encrypted Volumes.
[[0;32m  OK  [0m] Reached target Encrypted Volumes.
[   16.253207] systemd[1]: Set up automount Arbitrary Executable File Formats File System Automount Point.
[[0;32m  OK  [0m] Set up automount Arbitrary Executab...ats File System Automount Point.
[   16.289737] systemd[1]: Reached target User and Group Name Lookups.
[[0;32m  OK  [0m] Reached target User and Group Name Lookups.
[   16.313980] systemd[1]: Listening on /dev/initctl Compatibility Named Pipe.
[[0;32m  OK  [0m] Listening on /dev/initctl Compatibility Named Pipe.
[   16.338820] systemd[1]: Listening on LVM2 metadata daemon socket.
[[0;32m  OK  [0m] Listening on LVM2 metadata daemon socket.
[   16.360818] systemd[1]: Listening on udev Kernel Socket.
[[0;32m  OK  [0m] Listening on udev Kernel Socket.
[   16.381905] systemd[1]: Created slice System Slice.
[[0;32m  OK  [0m] Created slice System Slice.
[   16.401312] systemd[1]: Listening on Device-mapper event daemon FIFOs.
[[0;32m  OK  [0m] Listening on Device-mapper event daemon FIFOs.
[   16.425366] systemd[1]: Created slice User and Session Slice.
[[0;32m  OK  [0m] Created slice User and Session Slice.
[   16.445167] systemd[1]: Started Trigger resolvconf update for networkd DNS.
[[0;32m  OK  [0m] Started Trigger resolvconf update for networkd DNS.
[   16.469306] systemd[1]: Reached target Slices.
[[0;32m  OK  [0m] Reached target Slices.
[   16.487583] systemd[1]: Started Forward Password Requests to Wall Directory Watch.
[[0;32m  OK  [0m] Started Forward Password Requests to Wall Directory Watch.
[   16.516132] systemd[1]: Created slice system-serial\x2dgetty.slice.
[[0;32m  OK  [0m] Created slice system-serial\x2dgetty.slice.
[   16.540621] systemd[1]: Listening on Journal Socket.
[[0;32m  OK  [0m] Listening on Journal Socket.
[   16.579323] systemd[1]: Mounting POSIX Message Queue File System...
         Mounting POSIX Message Queue File System...
[   16.605740] systemd[1]: Starting Uncomplicated firewall...
         Starting Uncomplicated firewall...
[   16.629517] systemd[1]: Starting Monitoring of LVM2 mirrors, snapshots etc. using dmeventd or progress polling...
         Starting Monitoring of LVM2 mirrors... dmeventd or progress polling...
[   16.686673] systemd[1]: Mounting Debug File System...
         Mounting Debug File System...
[   16.718137] systemd[1]: Starting Nameserver information manager...
         Starting Nameserver information manager...
[   16.763827] systemd[1]: Mounting Huge Pages File System...
         Mounting Huge Pages File System...
[   16.803401] systemd[1]: Starting Set console keymap...
         Starting Set console keymap...
[   16.877732] systemd[1]: Starting Load Kernel Modules...
         Starting Load Kernel Modules...
[   16.949464] systemd[1]: Listening on Syslog Socket.
[[0;32m  OK  [0m] Listening on Syslog Socket.
[   17.008283] systemd[1]: Listening on LVM2 poll daemon socket.
[   17.011144] Loading iSCSI transport class v2.0-870.
[[0;32m  OK  [0m] Listening on LVM2 poll daemon socket.
[   17.078402] systemd[1]: Reached target System Time Synchronized.
[[0;32m  OK  [0m] Reached target System Time Synchronized.
[   17.143110] iscsi: registered transport (tcp)
[   17.160532] systemd[1]: Starting Create list of required static device nodes for the current kernel...
         Starting Create list of required st... nodes for the current kernel...
[   17.218112] systemd[1]: Listening on udev Control Socket.
[[0;32m  OK  [0m] Listening on udev Control Socket.
[   17.258762] systemd[1]: Listening on Journal Audit Socket.
[[0;32m  OK  [0m] Listening on Journal Audit Socket.
[   17.324424] systemd[1]: Starting Journal Service...
         Starting Journal Service...
[   17.365873] systemd[1]: Listening on fsck to fsckd communication Socket.
[[0;32m  OK  [0m] Listening on fsck to fsckd communication Socket.
[   17.444294] systemd[1]: Starting File System Check on Root Device...
         Starting File System Check on Root Device...
[   17.526241] systemd[1]: Mounted Huge Pages File System.
[   17.546220] iscsi: registered transport (iser)
[[0;32m  OK  [0m] Mounted Huge Pages File System.
[   17.570147] systemd[1]: Mounted POSIX Message Queue File System.
[[0;32m  OK  [0m] Mounted POSIX Message Queue File System.
[   17.602199] systemd[1]: Mounted Debug File System.
[[0;32m  OK  [0m] Mounted Debug File System.
[   17.629301] systemd[1]: Started Journal Service.
[[0;32m  OK  [0m] Started Journal Service.
[[0;32m  OK  [0m] Started Uncomplicated firewall.
[[0;32m  OK  [0m] Started Set console keymap.
[[0;32m  OK  [0m] Started Load Kernel Modules.
[[0;32m  OK  [0m] Started Create list of required sta...ce nodes for the current kernel.
[[0;32m  OK  [0m] Started File System Check on Root Device.
[[0;32m  OK  [0m] Started Nameserver information manager.
[[0;32m  OK  [0m] Started LVM2 metadata daemon.
[[0;32m  OK  [0m] Started File System Check Daemon to report status.
         Starting Remount Root and Kernel File Systems...
         Starting Create Static Device Nodes in /dev...
         Starting Apply Kernel Variables...
[   17.924483] EXT4-fs (sda1): re-mounted. Opts: (null)
         Mounting FUSE Control File System...
[[0;32m  OK  [0m] Mounted FUSE Control File System.
[[0;32m  OK  [0m] Started Remount Root and Kernel File Systems.
         Starting udev Coldplug all Devices...
         Starting Load/Save Random Seed...
         Starting Flush Journal to Persistent Storage...
[[0;32m  OK  [0m] Started Create Static Device Nodes in /dev.
[[0;32m  OK  [0m] Started Apply Kernel Variables.
[[0;32m  OK  [0m] Started Monitoring of LVM2 mirrors,...ng dmeventd or progress polling.
[[0;32m  OK  [0m] Started Load/Save Random Seed.
[[0;32m  OK  [0m] Reached target Local File Systems (Pre).
[[0;32m  OK  [0m] Reached target Local File Systems.
         Starting Tell Plymouth To Write Out Runtime Data...
         Starting Initial cloud-init job (pre-networking)...
         Starting Commit a transient machine-id on disk...
         Starting LSB: AppArmor initialization...
         Starting Set console font and keymap...
         Starting udev Kernel Device Manager...
[[0;32m  OK  [0m] Started Tell Plymouth To Write Out Runtime Data.
[[0;32m  OK  [0m] Started Commit a transient machine-id on disk.
[[0;32m  OK  [0m] Started Flush Journal to Persistent Storage.
         Starting Create Volatile Files and Directories...
[[0;32m  OK  [0m] Started Create Volatile Files and Directories.
         Starting Update UTMP about System Boot/Shutdown...
[[0;32m  OK  [0m] Started udev Kernel Device Manager.
[[0;32m  OK  [0m] Started Update UTMP about System Boot/Shutdown.
[[0;32m  OK  [0m] Started udev Coldplug all Devices.
[[0;32m  OK  [0m] Started Dispatch Password Requests to Console Directory Watch.
[[0;32m  OK  [0m] Found device /dev/ttyS0.
[[0;32m  OK  [0m] Listening on Load/Save RF Kill Switch Status /dev/rfkill Watch.
[[0;32m  OK  [0m] Started LSB: AppArmor initialization.
         Starting Load AppArmor profiles managed internally by snapd...
[[0;32m  OK  [0m] Started Load AppArmor profiles managed internally by snapd.
[   20.812747] cloud-init[468]: [[0;32m  OK  [0m] Started Set console font and keymap.
[[0;32m  OK  [0m] Created slice system-getty.slice.
[[0;32m  OK  [0m] Started Initial cloud-init job (pre-networking).
[[0;32m  OK  [0m] Reached target Network (Pre).
         Starting Raise network interfaces...
Cloud-init v. 21.1-19-gbad84ad4-0ubuntu1~16.04.2 running 'init-local' at Sat, 21 Jan 2023 06:17:41 +0000. Up 19.41 seconds.
[[0;32m  OK  [0m] Started Raise network interfaces.
         Starting Initial cloud-init job (metadata service crawler)...
[[0;32m  OK  [0m] Reached target Network.
[   25.809375] cloud-init[947]: Cloud-init v. 21.1-19-gbad84ad4-0ubuntu1~16.04.2 running 'init' at Sat, 21 Jan 2023 06:17:46 +0000. Up 24.23 seconds.
[   25.831770] cloud-init[947]: ci-info: ++++++++++++++++++++++++++++++++++++++Net device info++++++++++++++++++++++++++++++++++++++
[   25.853453] cloud-init[947]: ci-info: +--------+------+----------------------------+---------------+--------+-------------------+
[   25.874755] cloud-init[947]: ci-info: | Device |  Up  |          Address           |      Mask     | Scope  |     Hw-Address    |
[   25.896074] [[0;32m  OK  [0m] Started Initial cloud-init job (metadata service crawler).
[[0;32m  OK  [0m] Reached target Cloud-config availability.
[[0;32m  OK  [0m] Reached target System Initialization.
[[0;32m  OK  [0m] Started Daily Cleanup of Temporary Directories.
[[0;32m  OK  [0m] Started Message of the Day.
cloud-init[947]: ci-info: +--------+------+----------------------------+---------------+--------+-------------------+
         Starting LXD - unix socket.
[   25.939100] [[0;32m  OK  [0m] Started Ubuntu Advantage update messaging.
[[0;32m  OK  [0m] Listening on ACPID Listen Socket.
cloud-init[947]: ci-info: | enp0s3 | True |         10.0.2.15          | 255.255.255.0 | global | 02:be:82:6b:cc:1d |
[[0;32m  OK  [0m] Started ACPI Events Check.
[   25.977933] [[0;32m  OK  [0m] Reached target Paths.
[[0;32m  OK  [0m] Listening on D-Bus System Message Bus Socket.
[[0;32m  OK  [0m] Started Daily apt download activities.
[[0;32m  OK  [0m] Started Daily apt upgrade and clean activities.
[[0;32m  OK  [0m] Reached target Timers.
[[0;32m  OK  [0m] Listening on UUID daemon activation socket.
         Starting Socket activation for snappy daemon.
[[0;32m  OK  [0m] Reached target Network is Online.
cloud-init[947]: ci-info: | enp0s3 | True | fe80::be:82ff:fe6b:cc1d/64 |       .       |  link  | 02:be:82:6b:cc:1d |
[   26.030796] cloud-init[947]: ci-info: |   lo   | True |         127.0.0.1          |   255.0.0.0   |  host  |         .         |
[   26.053122] cloud-init[947]:          Starting iSCSI initiator daemon (iscsid)...
[[0;32m  OK  [0m] Listening on LXD - unix socket.
[[0;32m  OK  [0m] Listening on Socket activation for snappy daemon.
[[0;32m  OK  [0m] Reached target Sockets.
[[0;32m  OK  [0m] Reached target Basic System.
         Starting LSB: Record successful boot for GRUB...
[[0;32m  OK  [0m] Started FUSE filesystem for LXC.
[[0;32m  OK  [0m] Started Regular background program processing daemon.
         Starting Virtualbox guest utils...
[[0;32m  OK  [0m] Started Deferred execution scheduler.
ci-info: |   lo   | True |          ::1/128           |       .       |  host  |         .         |
         Starting Pollinate to seed the pseudo random number generator...[   26.146296] cloud-init[947]: ci-info: +--------+------+----------------------------+---------------+--------+-------------------+
[   26.175647] cloud-init[947]: ci-info: +++++++++++++++++++++++++++Route IPv4 info++++++++++++++++++++++++++++
[   26.175757] cloud-init[947]: ci-info: +-------+-------------+----------+---------------+-----------+-------+
[   26.186950] cloud-init[947]: ci-info: | Route | Destination | Gateway  |    Genmask    | Interface | Flags |
[   26.187639] cloud-init[947]: ci-info: +-------+-------------+----------+---------------+-----------+-------+
[   26.193389] cloud-init[947]: ci-info: |   0   |   0.0.0.0   | 10.0.2.2 |    0.0.0.0    |   enp0s3  |   UG  |
[   26.194323] cloud-init[947]: ci-info: |   1   |   10.0.2.0  | 0.0.0.0  | 255.255.255.0 |   enp0s3  |   U   |
[   26.195328] cloud-init[947]: ci-info: +-------+-------------+----------+---------------+-----------+-------+
[   26.201094] cloud-init[947]: ci-info: +++++++++++++++++++Route IPv6 info+++++++++++++++++++
[   26.201625] cloud-init[947]: ci-info: +-------+-------------+---------+-----------+-------+
[   26.202325] cloud-init[947]: ci-info: | Route | Destination | Gateway | Interface | Flags |
[   26.203302] cloud-init[947]: ci-info: +-------+-------------+---------+-----------+-------+
[   26.206126] cloud-init[947]: ci-info: |   0   |  fe80::/64  |    ::   |   enp0s3  |   U   |
[   26.208122] cloud-init[947]: ci-info: |   3   |   ff00::/8  |    ::   |   enp0s3  |   U   |
[   26.211060] cloud-init[947]: ci-info: +-------+-------------+---------+-----------+-------+

         [   26.215876] cloud-init[947]: Generating public/private rsa key pair.
[   26.297879] cloud-init[947]: Your identification has been saved in /etc/ssh/ssh_host_rsa_key.
[   26.299051] cloud-init[947]: Your public key has been saved in /etc/ssh/ssh_host_rsa_key.pub.
[   26.300056] cloud-init[947]: The key fingerprint is:
[   26.302662] cloud-init[947]: SHA256:X6mp23evtG4wFb1hqtpAMb5OR5RLvUxKYZpswTn8x8Y root@ubuntu-xenial
[   26.303627] cloud-init[947]: The key's randomart image is:
[   26.305673] cloud-init[947]: +---[RSA 2048]----+
[   26.306831] cloud-init[947]: |        o..o+  . |
[   26.307596] cloud-init[947]: |        .B== o.o.|
[   26.307833] cloud-init[947]: |        .=O B +.o|
[   26.307935] cloud-init[947]: |        .o = E.. |
[   26.308039] cloud-init[947]: |        S o *.   |
[   26.308136] cloud-init[947]: |         = *o    |
[   26.309039] cloud-init[947]: |        o O  o.  |
[   26.309099] cloud-init[947]: |         = ...o. |
[   26.309154] cloud-init[947]: |        o... ++o.|
[   26.309233] cloud-init[947]: +----[SHA256]-----+
[   26.310316] cloud-init[947]: Generating public/private dsa key pair.
[   26.311249] cloud-init[947]: Your identification has been saved in /etc/ssh/ssh_host_dsa_key.
[   26.312511] cloud-init[947]: Your public key has been saved in /etc/ssh/ssh_host_dsa_key.pub.
[   26.314228] cloud-init[947]: The key fingerprint is:
[   26.314920] cloud-init[947]: SHA256:t87srcfSgCqjB7IRdV5GvDE14AfrIwzZi6VqRGoODww root@ubuntu-xenial
[   26.315837] cloud-init[947]: The key's randomart image is:
[   26.317925] cloud-init[947]: +---[DSA 1024]----+
[   26.318216] cloud-init[947]: |     o+oo        |
[   26.318352] cloud-init[947]: |  .o..*o .       |
[   26.319444] cloud-init[947]: |Eoooooo+.        |
[   26.321465] cloud-init[947]: |*  *.o..         |
[   26.322565] cloud-init[947]: |+=o + o S..      |
[   26.323611] cloud-init[947]: |B+.  . .....     |
[   26.325854] cloud-init[947]: |.*..   .  .+     |
[   26.326932] cloud-init[947]: |o   + .  +..+    |
[   26.327875] cloud-init[947]: |  .o o   .*+.    |
[   26.330533] cloud-init[947]: +----[SHA256]-----+
[   26.331816] cloud-init[947]: Generating public/private ecdsa key pair.
[   26.333415] cloud-init[947]: Your identification has been saved in /etc/ssh/ssh_host_ecdsa_key.
[   26.334394] cloud-init[947]: Your public key has been saved in /etc/ssh/ssh_host_ecdsa_key.pub.
[   26.335529] cloud-init[947]: The key fingerprint is:
[   26.337268] cloud-init[947]: SHA256:6fuJ3NohjqsffQJ8ZmCeibSHMHJf2uX4BmMluBXE+A8 root@ubuntu-xenial
[   26.337990] cloud-init[947]: The key's randomart image is:
[   26.338982] cloud-init[947]: +---[ECDSA 256]---+
[   26.340150] cloud-init[947]: |     +o          |
[   26.342143] cloud-init[947]: |    ....         |
[   26.343059] cloud-init[947]: |. + o.* o        |
[   26.343977] cloud-init[947]: | o = &EX .       |
[   26.346121] cloud-init[947]: |    B &oS        |
[   26.347085] cloud-init[947]: |     o @.        |
[   26.347973] cloud-init[947]: |      . B o      |
[   26.350435] cloud-init[947]: |       * O o     |
[   26.351550] cloud-init[947]: |    .o+.*o=      |
[   26.353573] cloud-init[947]: +----[SHA256]-----+
[   26.354530] cloud-init[947]: Generating public/private ed25519 key pair.
[   26.355481] cloud-init[947]: Your identification has been saved in /etc/ssh/ssh_host_ed25519_key.
[   26.357479] cloud-init[947]: Your public key has been saved in /etc/ssh/ssh_host_ed25519_key.pub.
[   26.358503] cloud-init[947]: The key fingerprint is:
[   26.359375] cloud-init[947]: SHA256:9JiTDSSAKy0YXxB+kNSzLWHIdmel7S0Y5MrSRDF1Hvw root@ubuntu-xenial
[   26.361427] cloud-init[947]: The key's randomart image is:
[   26.362479] cloud-init[947]: +--[ED25519 256]--+
[   26.363460] cloud-init[947]: | o=B=++o=        |
[   26.364579] cloud-init[947]: |..*oB+oB..       |
[   26.365244] cloud-init[947]: |.=.=oB+ =.       |
[   26.366185] cloud-init[947]: |+ +=o..= OE      |
[   26.367096] cloud-init[947]: | o. +.. S +      |
[   26.368112] cloud-init[947]: |   .     o       |
[   26.370614] cloud-init[947]: |                 |
[   26.371401] cloud-init[947]: |                 |
[   26.373551] cloud-init[947]: |                 |
[   26.374350] cloud-init[947]: +----[SHA256]-----+
Starting /etc/rc.local Compatibility...
         Starting LSB: MD monitoring daemon...
         Starting LXD - container startup/shutdown...
[[0;32m  OK  [0m] Started ACPI event daemon.
         Starting Accounts Service...
         Starting Snap Daemon...
         Starting System Logging Service...
         Starting Login Service...
[[0;32m  OK  [0m] Started D-Bus System Message Bus.
[[0;32m  OK  [0m] Started System Logging Service.
[[0;32m  OK  [0m] Started /etc/rc.local Compatibility.
[[0;32m  OK  [0m] Started Login Service.
[[0;32m  OK  [0m] Started Unattended Upgrades Shutdown.
[[0;32m  OK  [0m] Started iSCSI initiator daemon (iscsid).
         Starting Login to default iSCSI targets...
[[0;32m  OK  [0m] Started LSB: Record successful boot for GRUB.
         Starting Authenticate and Authorize Users to Run Privileged Tasks...
[[0;32m  OK  [0m] Started LSB: MD monitoring daemon.
[[0;32m  OK  [0m] Started Login to default iSCSI targets.
[[0;32m  OK  [0m] Reached target Remote File Systems (Pre).
[[0;32m  OK  [0m] Reached target Remote File Systems.
         Starting LSB: daemon to balance interrupts for SMP systems...
         Starting LSB: automatic crash report generation...
         Starting LSB: Set the CPU Frequency Scaling governor to "ondemand"...
         Starting Permit User Sessions...
[[0;32m  OK  [0m] Started LXD - container startup/shutdown.
[[0;32m  OK  [0m] Started Permit User Sessions.
[[0;32m  OK  [0m] Started Authenticate and Authorize Users to Run Privileged Tasks.
[[0;32m  OK  [0m] Started Accounts Service.
         Starting Terminate Plymouth Boot Screen...
         Starting Hold until boot process finishes up...
[[0;32m  OK  [0m] Started Pollinate to seed the pseudo random number generator.
[[0;32m  OK  [0m] Started LSB: automatic crash report generation.
[[0;32m  OK  [0m] Started LSB: daemon to balance interrupts for SMP systems.
[[0;32m  OK  [0m] Started LSB: Set the CPU Frequency Scaling governor to "ondemand".
[[0;32m  OK  [0m] Started Terminate Plymouth Boot Screen.
[[0;32m  OK  [0m] Started Hold until boot process finishes up.
         Starting Set console scheme...
[[0;32m  OK  [0m] Started Serial Getty on ttyS0.
[[0;32m  OK  [0m] Started Getty on tty1.
[[0;32m  OK  [0m] Reached target Login Prompts.
         Starting OpenBSD Secure Shell server...
[[0;32m  OK  [0m] Started Virtualbox guest utils.
[[0;32m  OK  [0m] Started Set console scheme.
[[0;32m  OK  [0m] Started OpenBSD Secure Shell server.
[[0;32m  OK  [0m] Started Snap Daemon.
         Starting Wait until snapd is fully seeded...
[[0;32m  OK  [0m] Created slice User Slice of vagrant.
         Starting User Manager for UID 1000...
[[0;32m  OK  [0m] Started Session 1 of user vagrant.
[[0;32m  OK  [0m] Started User Manager for UID 1000.
[[0;32m  OK  [0m] Started Wait until snapd is fully seeded.
         Starting Apply the settings specified in cloud-config...
[[0;32m  OK  [0m] Reached target Multi-User System.
[[0;32m  OK  [0m] Reached target Graphical Interface.
         Starting Update UTMP about System Runlevel Changes...
[[0;32m  OK  [0m] Started Update UTMP about System Runlevel Changes.
[   34.479395] cloud-init[1381]: Generating locales (this might take a while)...

Ubuntu 16.04.7 LTS ubuntu-xenial ttyS0

ubuntu-xenial login: [   37.549291] cloud-init[1381]:   en_US.UTF-8... done
[   37.565182] cloud-init[1381]: Generation complete.
[   38.945753] cloud-init[1381]: Cloud-init v. 21.1-19-gbad84ad4-0ubuntu1~16.04.2 running 'modules:config' at Sat, 21 Jan 2023 06:17:56 +0000. Up 33.74 seconds.
ci-info: no authorized SSH keys fingerprints found for user ubuntu.
<14>Jan 21 06:18:02 ec2: 
<14>Jan 21 06:18:02 ec2: #############################################################
<14>Jan 21 06:18:02 ec2: -----BEGIN SSH HOST KEY FINGERPRINTS-----
<14>Jan 21 06:18:02 ec2: 1024 SHA256:t87srcfSgCqjB7IRdV5GvDE14AfrIwzZi6VqRGoODww root@ubuntu-xenial (DSA)
<14>Jan 21 06:18:02 ec2: 256 SHA256:6fuJ3NohjqsffQJ8ZmCeibSHMHJf2uX4BmMluBXE+A8 root@ubuntu-xenial (ECDSA)
<14>Jan 21 06:18:02 ec2: 256 SHA256:9JiTDSSAKy0YXxB+kNSzLWHIdmel7S0Y5MrSRDF1Hvw root@ubuntu-xenial (ED25519)
<14>Jan 21 06:18:02 ec2: 2048 SHA256:X6mp23evtG4wFb1hqtpAMb5OR5RLvUxKYZpswTn8x8Y root@ubuntu-xenial (RSA)
<14>Jan 21 06:18:02 ec2: -----END SSH HOST KEY FINGERPRINTS-----
<14>Jan 21 06:18:02 ec2: #############################################################
-----BEGIN SSH HOST KEY KEYS-----
ecdsa-sha2-nistp256 AAAAE2VjZHNhLXNoYTItbmlzdHAyNTYAAAAIbmlzdHAyNTYAAABBBBqLvb5aRAhO8oZ5RpqP+GiMqUeoj/ezTEO9+3ulEArAKyrAAZ+yq0W40BrNMRY5V/bRxT0vNLbhjpecGMA2Fd0= root@ubuntu-xenial
ssh-ed25519 AAAAC3NzaC1lZDI1NTE5AAAAIEUeWNbZJhPZUK4lcti0DVAcwbcTFOl+EQfNHEs4uDZx root@ubuntu-xenial
ssh-rsa AAAAB3NzaC1yc2EAAAADAQABAAABAQDPxPxXeNY8qB3z6gihY6tzFaT3GfJvyk0UCavKx8WLZEtVjgR70BPpehlh8ajKASDIJ8xbSndYiLFWM/wSqEbCdZ2exUU7MRTEI5yo9xMA4pDf/xpW6ObCjKG/TL4mr/XatiYcnGMd8Xm089jTMIaA86ABjwahTCrwp3tDTZ/EXMJa7sXs4nTC3WbvRsle+b5tkf3vInua2IdpiDdC4EkHqiKTtco1c8kaB7oe31yG2PLRXl+Gv50GFBtw91uGYyB9lai7pqcX/i0VkHKB3F8ylopjj5xEDSFDTM1gnqyxH0Qy/T+xvABdb8Nrn8I1AtfuyTc0J0InDDtvsZ4+eMzt root@ubuntu-xenial
-----END SSH HOST KEY KEYS-----
[   40.412146] cloud-init[1573]: Cloud-init v. 21.1-19-gbad84ad4-0ubuntu1~16.04.2 running 'modules:final' at Sat, 21 Jan 2023 06:18:02 +0000. Up 39.95 seconds.
[   40.413347] cloud-init[1573]: ci-info: no authorized SSH keys fingerprints found for user ubuntu.
[   40.414844] cloud-init[1573]: Cloud-init v. 21.1-19-gbad84ad4-0ubuntu1~16.04.2 finished at Sat, 21 Jan 2023 06:18:02 +0000. Datasource DataSourceNoCloud [seed=/dev/sdb][dsmode=net].  Up 40.39 seconds
[[0;32m  OK  [0m] Stopped Unattended Upgrades Shutdown.
         Stopping Authenticate and Authorize Users to Run Privileged Tasks...
         Stopping ACPI event daemon...
         Stopping User Manager for UID 1000...
[[0;32m  OK  [0m] Stopped target Timers.
[[0;32m  OK  [0m] Stopped Daily apt upgrade and clean activities.
[[0;32m  OK  [0m] Stopped Daily apt download activities.
[[0;32m  OK  [0m] Stopped Ubuntu Advantage update messaging.
[[0;32m  OK  [0m] Stopped target Cloud-init target.
[[0;32m  OK  [0m] Stopped Execute cloud user/final scripts.
[[0;32m  OK  [0m] Stopped Apply the settings specified in cloud-config.
[[0;32m  OK  [0m] Stopped target Cloud-config availability.
         Stopping Session 4 of user vagrant.
[[0;32m  OK  [0m] Stopped Message of the Day.
[[0;32m  OK  [0m] Closed Load/Save RF Kill Switch Status /dev/rfkill Watch.
[[0;32m  OK  [0m] Stopped Daily Cleanup of Temporary Directories.
[[0;32m  OK  [0m] Stopped target Graphical Interface.
[[0;32m  OK  [0m] Stopped target Multi-User System.
         Stopping D-Bus System Message Bus...
         Stopping Regular background program processing daemon...
[[0;32m  OK  [0m] Stopped target Login Promp         Stopping OpenBSD Secure Shell server...
         Stopping FUSE filesystem for LXC...
[[0;32m  OK  [0m] Stopped Wait until snapd is fully seeded.
         Stopping LXD - container startup/shutdown...
         Stopping LSB: daemon to balance interrupts for SMP systems...
         Stopping Accounts Service...
         Stopping LSB: Record successful boot for GRUB...
         Stopping LSB: Set the CPU Frequency Scaling governor to "ondemand"...
         Stopping LSB: MD monitoring daemon...
         Stopping Virtualbox guest utils...
         Stopping LSB: automatic crash report generation...
[[0;32m  OK  [0m] Stopped target System Time Synchronized.
[[0;32m  OK  [0m] Unmounted /var/lib/lxcfs.
[[0;32m  OK  [0m] Stopped Regular background program processing daemon.
[[0;32m  OK  [0m] Stopped Deferred execution scheduler.
[[0;32m  OK  [0m] Stopped ACPI event daemon.
[[0;32m  OK  [0m] Stopped Accounts Service.
[[0;32m  OK  [0m] Stopped System Logging Service.
[[0;32m  OK  [0m] Stopped Authenticate and Authorize Users to Run Privileged Tasks.
[[0;32m  OK  [0m] Stopped Serial Getty on ttyS0.
[[0;32m  OK  [0m] Stopped Getty on tty1.
[[0;32m  OK  [0m] Stopped OpenBSD Secure Shell server.
[[0;32m  OK  [0m] Stopped User Manager for UID 1000.
[[0;32m  OK  [0m] Stopped D-Bus System Message Bus.
[[0;32m  OK  [0m] Stopped Session 4 of user vagrant.
[[0;32m  OK  [0m] Stopped FUSE filesystem for LXC.
[[0;32m  OK  [0m] Stopped LXD - container startup/shutdown.
[[0;32m  OK  [0m] Stopped LSB: daemon to balance interrupts for SMP systems.
[[0;32m  OK  [0m] Stopped LSB: Set the CPU Frequency Scaling governor to "ondemand".
[[0;32m  OK  [0m] Stopped LSB: MD monitoring daemon.
[[0;32m  OK  [0m] Stopped LSB: automatic crash report generation.
[[0;32m  OK  [0m] Stopped LSB: Record successful boot for GRUB.
[[0;32m  OK  [0m] Stopped Virtualbox guest utils.
[[0;32m  OK  [0m] Removed slice User Slice of vagrant.
         Stopping Login Service...
[[0;32m  OK  [0m] Removed slice system-getty.slice.
[[0;32m  OK  [0m] Removed slice system-serial\x2dgetty.slice.
         Stopping Permit User Sessions...
[[0;32m  OK  [0m] Stopped /etc/rc.local Compatibility.
[[0;32m  OK  [0m] Stopped Permit User Sessions.
[[0;32m  OK  [0m] Stopped target Remote File Systems.
[[0;32m  OK  [0m] Stopped target Remote File Systems (Pre).
         Stopping Login to default iSCSI targets...
[[0;32m  OK  [0m] Stopped Login Service.
[[0;32m  OK  [0m] Stopped target Basic System.
[[0;32m  OK  [0m] Stopped target Sockets.
[[0;32m  OK  [0m] Closed Socket activation for snappy daemon.
[[0;32m  OK  [0m] Closed Syslog Socket.
[[0;32m  OK  [0m] Closed ACPID Listen Socket.
[[0;32m  OK  [0m] Closed D-Bus System Message Bus Socket.
[[0;32m  OK  [0m] Closed UUID daemon activation socket.
[[0;32m  OK  [0m] Closed LXD - unix socket.
[[0;32m  OK  [0m] Stopped target Paths.
[[0;32m  OK  [0m] Stopped Dispatch Password Requests to Console Directory Watch.
[[0;32m  OK  [0m] Stopped Forward Password Requests to Wall Directory Watch.
[[0;32m  OK  [0m] Stopped ACPI Events Check.
[[0;32m  OK  [0m] Stopped target Slices.
[[0;32m  OK  [0m] Removed slice User and Session Slice.
[[0;32m  OK  [0m] Stopped target User and Group Name Lookups.
[[0;32m  OK  [0m] Stopped target System Initialization.
[[0;32m  OK  [0m] Stopped target Encrypted Volumes.
[[0;32m  OK  [0m] Stopped Commit a transient machine-id on disk.
[[0;32m  OK  [0m] Stopped target Swap.
         Stopping Load/Save Random Seed...
         Stopping Update UTMP about System Boot/Shutdown...
[[0;32m  OK  [0m] Stopped Load/Save Random Seed.
[[0;32m  OK  [0m] Stopped Update UTMP about System Boot/Shutdown.
[[0;32m  OK  [0m] Stopped Create Volatile Files and Directories.
[[0;32m  OK  [0m] Stopped Login to default iSCSI targets.
         Stopping iSCSI initiator daemon (iscsid)...
[[0;32m  OK  [0m] Stopped iSCSI initiator daemon (iscsid).
[[0;32m  OK  [0m] Stopped target Network is Online.
[[0;32m  OK  [0m] Stopped Initial cloud-init job (metadata service crawler).
[[0;32m  OK  [0m] Stopped target Network.
         Stopping Raise network interfaces...
[[0;32m  OK  [0m] Stopped Raise network interfaces.
[[0;32m  OK  [0m] Stopped Apply Kernel Variables.
[[0;32m  OK  [0m] Stopped Load Kernel Modules.
[[0;32m  OK  [0m] Stopped target Network (Pre).
[[0;32m  OK  [0m] Stopped Initial cloud-init job (pre-networking).
[[0;32m  OK  [0m] Stopped target Local File Systems.
         Unmounting /run/user/1000...
[[0;32m  OK  [0m] Unmounted /run/user/1000.
[[0;32m  OK  [0m] Reached target Unmount All Filesystems.
[[0;32m  OK  [0m] Stopped target Local File Systems (Pre).
[[0;32m  OK  [0m] Stopped Remount Root and Kernel File Systems.
[[0;32m  OK  [0m] Stopped Create Static Device Nodes in /dev.
[[0;32m  OK  [0m] Reached target Shutdown.
[  265.626187] reboot: Power down
