[    0.000000] Initializing cgroup subsys cpuset
[    0.000000] Initializing cgroup subsys cpu
[    0.000000] Initializing cgroup subsys cpuacct
[    0.000000] Linux version 4.4.0-210-generic (buildd@lgw01-amd64-009) (gcc version 5.4.0 20160609 (Ubuntu 5.4.0-6ubuntu1~16.04.12) ) #242-Ubuntu SMP Fri Apr 16 09:57:56 UTC 2021 (Ubuntu 4.4.0-210.242-generic 4.4.262)
[    0.000000] Command line: BOOT_IMAGE=/boot/vmlinuz-4.4.0-210-generic root=LABEL=cloudimg-rootfs ro console=tty1 console=ttyS0
[    0.000000] KERNEL supported cpus:
[    0.000000]   Intel GenuineIntel
[    0.000000]   AMD AuthenticAMD
[    0.000000]   Centaur CentaurHauls
[    0.000000] x86/fpu: Legacy x87 FPU detected.
[    0.000000] e820: BIOS-provided physical RAM map:
[    0.000000] BIOS-e820: [mem 0x0000000000000000-0x000000000009fbff] usable
[    0.000000] BIOS-e820: [mem 0x000000000009fc00-0x000000000009ffff] reserved
[    0.000000] BIOS-e820: [mem 0x00000000000f0000-0x00000000000fffff] reserved
[    0.000000] BIOS-e820: [mem 0x0000000000100000-0x000000003ffeffff] usable
[    0.000000] BIOS-e820: [mem 0x000000003fff0000-0x000000003fffffff] ACPI data
[    0.000000] BIOS-e820: [mem 0x00000000fec00000-0x00000000fec00fff] reserved
[    0.000000] BIOS-e820: [mem 0x00000000fee00000-0x00000000fee00fff] reserved
[    0.000000] BIOS-e820: [mem 0x00000000fffc0000-0x00000000ffffffff] reserved
[    0.000000] NX (Execute Disable) protection: active
[    0.000000] SMBIOS 2.5 present.
[    0.000000] Hypervisor detected: KVM
[    0.000000] Kernel/User page tables isolation: disabled
[    0.000000] e820: last_pfn = 0x3fff0 max_arch_pfn = 0x400000000
[    0.000000] MTRR: Disabled
[    0.000000] x86/PAT: MTRRs disabled, skipping PAT initialization too.
[    0.000000] CPU MTRRs all blank - virtualized system.
[    0.000000] x86/PAT: Configuration [0-7]: WB  WT  UC- UC  WB  WT  UC- UC  
[    0.000000] found SMP MP-table at [mem 0x0009fff0-0x0009ffff] mapped at [ffff88000009fff0]
[    0.000000] Scanning 1 areas for low memory corruption
[    0.000000] RAMDISK: [mem 0x362dc000-0x37165fff]
[    0.000000] ACPI: Early table checksum verification disabled
[    0.000000] ACPI: RSDP 0x00000000000E0000 000024 (v02 VBOX  )
[    0.000000] ACPI: XSDT 0x000000003FFF0030 00003C (v01 VBOX   VBOXXSDT 00000001 ASL  00000061)
[    0.000000] ACPI: FACP 0x000000003FFF00F0 0000F4 (v04 VBOX   VBOXFACP 00000001 ASL  00000061)
[    0.000000] ACPI: DSDT 0x000000003FFF0610 002353 (v02 VBOX   VBOXBIOS 00000002 INTL 20100528)
[    0.000000] ACPI: FACS 0x000000003FFF0200 000040
[    0.000000] ACPI: FACS 0x000000003FFF0200 000040
[    0.000000] ACPI: APIC 0x000000003FFF0240 00005C (v02 VBOX   VBOXAPIC 00000001 ASL  00000061)
[    0.000000] ACPI: SSDT 0x000000003FFF02A0 00036C (v01 VBOX   VBOXCPUT 00000002 INTL 20100528)
[    0.000000] No NUMA configuration found
[    0.000000] Faking a node at [mem 0x0000000000000000-0x000000003ffeffff]
[    0.000000] NODE_DATA(0) allocated [mem 0x3ffeb000-0x3ffeffff]
[    0.000000] kvm-clock: Using msrs 4b564d01 and 4b564d00
[    0.000000] kvm-clock: cpu 0, msr 0:3ffe3001, primary cpu clock
[    0.000000] kvm-clock: using sched offset of 3537788928 cycles
[    0.000000] clocksource: kvm-clock: mask: 0xffffffffffffffff max_cycles: 0x1cd42e4dffb, max_idle_ns: 881590591483 ns
[    0.000000] Zone ranges:
[    0.000000]   DMA      [mem 0x0000000000001000-0x0000000000ffffff]
[    0.000000]   DMA32    [mem 0x0000000001000000-0x000000003ffeffff]
[    0.000000]   Normal   empty
[    0.000000]   Device   empty
[    0.000000] Movable zone start for each node
[    0.000000] Early memory node ranges
[    0.000000]   node   0: [mem 0x0000000000001000-0x000000000009efff]
[    0.000000]   node   0: [mem 0x0000000000100000-0x000000003ffeffff]
[    0.000000] Initmem setup node 0 [mem 0x0000000000001000-0x000000003ffeffff]
[    0.000000] ACPI: PM-Timer IO Port: 0x4008
[    0.000000] IOAPIC[0]: apic_id 2, version 32, address 0xfec00000, GSI 0-23
[    0.000000] ACPI: INT_SRC_OVR (bus 0 bus_irq 0 global_irq 2 dfl dfl)
[    0.000000] ACPI: INT_SRC_OVR (bus 0 bus_irq 9 global_irq 9 low level)
[    0.000000] Using ACPI (MADT) for SMP configuration information
[    0.000000] smpboot: Allowing 2 CPUs, 0 hotplug CPUs
[    0.000000] PM: Registered nosave memory: [mem 0x00000000-0x00000fff]
[    0.000000] PM: Registered nosave memory: [mem 0x0009f000-0x0009ffff]
[    0.000000] PM: Registered nosave memory: [mem 0x000a0000-0x000effff]
[    0.000000] PM: Registered nosave memory: [mem 0x000f0000-0x000fffff]
[    0.000000] e820: [mem 0x40000000-0xfebfffff] available for PCI devices
[    0.000000] Booting paravirtualized kernel on KVM
[    0.000000] clocksource: refined-jiffies: mask: 0xffffffff max_cycles: 0xffffffff, max_idle_ns: 7645519600211568 ns
[    0.000000] setup_percpu: NR_CPUS:512 nr_cpumask_bits:512 nr_cpu_ids:2 nr_node_ids:1
[    0.000000] PERCPU: Embedded 33 pages/cpu @ffff88003fc00000 s95192 r8192 d31784 u1048576
[    0.000000] Built 1 zonelists in Node order, mobility grouping on.  Total pages: 257912
[    0.000000] Policy zone: DMA32
[    0.000000] Kernel command line: BOOT_IMAGE=/boot/vmlinuz-4.4.0-210-generic root=LABEL=cloudimg-rootfs ro console=tty1 console=ttyS0
[    0.000000] PID hash table entries: 4096 (order: 3, 32768 bytes)
[    0.000000] Memory: 997792K/1048120K available (8644K kernel code, 1332K rwdata, 4044K rodata, 1492K init, 1164K bss, 50328K reserved, 0K cma-reserved)
[    0.000000] SLUB: HWalign=64, Order=0-3, MinObjects=0, CPUs=2, Nodes=1
[    0.000000] Hierarchical RCU implementation.
[    0.000000] 	Build-time adjustment of leaf fanout to 64.
[    0.000000] 	RCU restricting CPUs from NR_CPUS=512 to nr_cpu_ids=2.
[    0.000000] RCU: Adjusting geometry for rcu_fanout_leaf=64, nr_cpu_ids=2
[    0.000000] NR_IRQS:33024 nr_irqs:440 16
[    0.000000] Console: colour VGA+ 80x25
[    0.000000] console [tty1] enabled
[    0.000000] console [ttyS0] enabled
[    0.000000] tsc: Detected 2304.006 MHz processor
[    0.589698] Calibrating delay loop (skipped) preset value.. 4608.01 BogoMIPS (lpj=9216024)
[    0.597098] pid_max: default: 32768 minimum: 301
[    0.601149] ACPI: Core revision 20150930
[    0.605985] ACPI: 2 ACPI AML tables successfully acquired and loaded
[    0.612680] Security Framework initialized
[    0.616338] Yama: becoming mindful.
[    0.619735] AppArmor: AppArmor initialized
[    0.623733] Dentry cache hash table entries: 131072 (order: 8, 1048576 bytes)
[    0.634421] Inode-cache hash table entries: 65536 (order: 7, 524288 bytes)
[    0.644361] Mount-cache hash table entries: 2048 (order: 2, 16384 bytes)
[    0.652608] Mountpoint-cache hash table entries: 2048 (order: 2, 16384 bytes)
[    0.661879] Initializing cgroup subsys io
[    0.666087] Initializing cgroup subsys memory
[    0.671478] Initializing cgroup subsys devices
[    0.676966] Initializing cgroup subsys freezer
[    0.681388] Initializing cgroup subsys net_cls
[    0.687105] Initializing cgroup subsys perf_event
[    0.692389] Initializing cgroup subsys net_prio
[    0.697351] Initializing cgroup subsys hugetlb
[    0.701480] Initializing cgroup subsys pids
[    0.719549] mce: CPU supports 0 MCE banks
[    0.725859] Last level iTLB entries: 4KB 64, 2MB 8, 4MB 8
[    0.732148] Last level dTLB entries: 4KB 64, 2MB 0, 4MB 0, 1GB 4
[    0.739111] Spectre V1 : Mitigation: usercopy/swapgs barriers and __user pointer sanitization
[    0.750938] Spectre V2 : Mitigation: Enhanced IBRS
[    0.757539] Spectre V2 : Spectre v2 / SpectreRSB mitigation: Filling RSB on context switch
[    0.765082] Speculative Store Bypass: Vulnerable
[    0.771331] SRBDS: Mitigation: TSX disabled
[    0.812975] Freeing SMP alternatives memory: 36K
[    0.898575] ftrace: allocating 32380 entries in 127 pages
[    1.462007] smpboot: APIC(0) Converting physical 0 to logical package 0
[    1.471279] smpboot: Max logical packages: 1
[    1.489211] ..TIMER: vector=0x30 apic1=0 pin1=2 apic2=-1 pin2=-1
[    1.603645] smpboot: CPU0: Intel(R) Core(TM) i7-10510U CPU @ 1.80GHz (family: 0x6, model: 0x8e, stepping: 0xc)
[    1.614458] Performance Events: unsupported p6 CPU model 142 no PMU driver, software events only.
[    1.707942] KVM setup paravirtual spinlock
[    1.715273] x86: Booting SMP configuration:
[    1.719588] .... node  #0, CPUs:      #1
[    1.725049] kvm-clock: cpu 1, msr 0:3ffe3041, secondary cpu clock
[    1.744252] mce: CPU supports 0 MCE banks
[    1.749507] x86: Booted up 1 node, 2 CPUs
[    1.753695] smpboot: Total of 2 processors activated (9216.02 BogoMIPS)
[    1.763422] devtmpfs: initialized
[    1.769110] evm: security.selinux
[    1.772771] evm: security.SMACK64
[    1.776582] evm: security.SMACK64EXEC
[    1.780257] evm: security.SMACK64TRANSMUTE
[    1.783991] evm: security.SMACK64MMAP
[    1.787357] evm: security.ima
[    1.790090] evm: security.capability
[    1.794177] clocksource: jiffies: mask: 0xffffffff max_cycles: 0xffffffff, max_idle_ns: 7645041785100000 ns
[    1.803236] futex hash table entries: 512 (order: 3, 32768 bytes)
[    1.809936] pinctrl core: initialized pinctrl subsystem
[    1.815711] RTC time: 10:00:26, date: 01/22/23
[    1.821093] NET: Registered protocol family 16
[    1.835524] cpuidle: using governor ladder
[    1.851088] cpuidle: using governor menu
[    1.855674] PCCT header not found.
[    1.859354] ACPI: bus type PCI registered
[    1.863873] acpiphp: ACPI Hot Plug PCI Controller Driver version: 0.5
[    1.870190] PCI: Using configuration type 1 for base access
[    1.892395] ACPI: Added _OSI(Module Device)
[    1.897165] ACPI: Added _OSI(Processor Device)
[    1.901400] ACPI: Added _OSI(3.0 _SCP Extensions)
[    1.906056] ACPI: Added _OSI(Processor Aggregator Device)
[    1.912444] ACPI: Executed 1 blocks of module-level executable AML code
[    1.922926] ACPI: Interpreter enabled
[    1.927139] ACPI: (supports S0 S5)
[    1.930853] ACPI: Using IOAPIC for interrupt routing
[    1.935772] PCI: Using host bridge windows from ACPI; if necessary, use "pci=nocrs" and report a bug
[    1.951833] ACPI: PCI Root Bridge [PCI0] (domain 0000 [bus 00-ff])
[    1.957907] acpi PNP0A03:00: _OSC: OS supports [ASPM ClockPM Segments MSI]
[    1.964736] acpi PNP0A03:00: _OSC: not requesting OS control; OS requires [ExtendedConfig ASPM ClockPM MSI]
[    1.973449] acpi PNP0A03:00: fail to add MMCONFIG information, can't access extended PCI configuration space under this bridge.
[    1.984388] PCI host bridge to bus 0000:00
[    1.988488] pci_bus 0000:00: root bus resource [io  0x0000-0x0cf7 window]
[    1.994611] pci_bus 0000:00: root bus resource [io  0x0d00-0xffff window]
[    2.001136] pci_bus 0000:00: root bus resource [mem 0x000a0000-0x000bffff window]
[    2.007904] pci_bus 0000:00: root bus resource [mem 0x40000000-0xfdffffff window]
[    2.014792] pci_bus 0000:00: root bus resource [bus 00-ff]
[    2.027875] pci 0000:00:01.1: legacy IDE quirk: reg 0x10: [io  0x01f0-0x01f7]
[    2.034375] pci 0000:00:01.1: legacy IDE quirk: reg 0x14: [io  0x03f6]
[    2.040309] pci 0000:00:01.1: legacy IDE quirk: reg 0x18: [io  0x0170-0x0177]
[    2.046685] pci 0000:00:01.1: legacy IDE quirk: reg 0x1c: [io  0x0376]
[    2.076392] pci 0000:00:07.0: quirk: [io  0x4000-0x403f] claimed by PIIX4 ACPI
[    2.083385] pci 0000:00:07.0: quirk: [io  0x4100-0x410f] claimed by PIIX4 SMB
[    2.101246] ACPI: PCI Interrupt Link [LNKA] (IRQs 5 9 10 *11)
[    2.109479] ACPI: PCI Interrupt Link [LNKB] (IRQs 5 9 *10 11)
[    2.117467] ACPI: PCI Interrupt Link [LNKC] (IRQs 5 *9 10 11)
[    2.125298] ACPI: PCI Interrupt Link [LNKD] (IRQs 5 9 10 *11)
[    2.133588] ACPI: Enabled 2 GPEs in block 00 to 07
[    2.160211] vgaarb: setting as boot device: PCI:0000:00:02.0
[    2.165932] vgaarb: device added: PCI:0000:00:02.0,decodes=io+mem,owns=io+mem,locks=none
[    2.173537] vgaarb: loaded
[    2.176311] vgaarb: bridge control possible 0000:00:02.0
[    2.181851] SCSI subsystem initialized
[    2.186264] ACPI: bus type USB registered
[    2.190806] usbcore: registered new interface driver usbfs
[    2.196798] usbcore: registered new interface driver hub
[    2.202042] usbcore: registered new device driver usb
[    2.208422] PCI: Using ACPI for IRQ routing
[    2.213215] NetLabel: Initializing
[    2.216385] NetLabel:  domain hash size = 128
[    2.220489] NetLabel:  protocols = UNLABELED CIPSOv4
[    2.224888] NetLabel:  unlabeled traffic allowed by default
[    2.230524] amd_nb: Cannot enumerate AMD northbridges
[    2.235453] clocksource: Switched to clocksource kvm-clock
[    2.266948] AppArmor: AppArmor Filesystem Enabled
[    2.271880] pnp: PnP ACPI init
[    2.277223] pnp: PnP ACPI: found 3 devices
[    2.329108] clocksource: acpi_pm: mask: 0xffffff max_cycles: 0xffffff, max_idle_ns: 2085701024 ns
[    2.340595] NET: Registered protocol family 2
[    2.348265] TCP established hash table entries: 8192 (order: 4, 65536 bytes)
[    2.356416] TCP bind hash table entries: 8192 (order: 5, 131072 bytes)
[    2.362317] TCP: Hash tables configured (established 8192 bind 8192)
[    2.367952] UDP hash table entries: 512 (order: 2, 16384 bytes)
[    2.373259] UDP-Lite hash table entries: 512 (order: 2, 16384 bytes)
[    2.379758] NET: Registered protocol family 1
[    2.384001] pci 0000:00:00.0: Limiting direct PCI/PCI transfers
[    2.388960] pci 0000:00:01.0: Activating ISA DMA hang workarounds
[    2.394779] Unpacking initramfs...
[    2.806814] Freeing initrd memory: 14888K
[    2.815880] clocksource: tsc: mask: 0xffffffffffffffff max_cycles: 0x2135fd711f6, max_idle_ns: 440795262176 ns
[    2.824850] platform rtc_cmos: registered platform RTC device (no PNP device found)
[    2.834455] Scanning for low memory corruption every 60 seconds
[    2.843737] audit: initializing netlink subsys (disabled)
[    2.849684] audit: type=2000 audit(1674381630.834:1): initialized
[    2.856676] Initialise system trusted keyring
[    2.862161] HugeTLB registered 2 MB page size, pre-allocated 0 pages
[    2.870350] zbud: loaded
[    2.873755] VFS: Disk quotas dquot_6.6.0
[    2.877797] VFS: Dquot-cache hash table entries: 512 (order 0, 4096 bytes)
[    2.884716] squashfs: version 4.0 (2009/01/31) Phillip Lougher
[    2.892027] fuse init (API version 7.23)
[    2.898322] Key type big_key registered
[    2.903882] Allocating IMA MOK and blacklist keyrings.
[    2.920293] Key type asymmetric registered
[    2.926025] Asymmetric key parser 'x509' registered
[    2.932384] Block layer SCSI generic (bsg) driver version 0.4 loaded (major 249)
[    2.940365] io scheduler noop registered
[    2.945624] io scheduler deadline registered (default)
[    2.952437] io scheduler cfq registered
[    2.956504] pci_hotplug: PCI Hot Plug PCI Core version: 0.5
[    2.962482] pciehp: PCI Express Hot Plug Controller Driver version: 0.4
[    2.970898] ACPI: AC Adapter [AC] (on-line)
[    2.976740] input: Power Button as /devices/LNXSYSTM:00/LNXPWRBN:00/input/input0
[    2.986558] ACPI: Power Button [PWRF]
[    2.991767] input: Sleep Button as /devices/LNXSYSTM:00/LNXSLPBN:00/input/input1
[    3.001395] ACPI: Sleep Button [SLPF]
[    3.007362] GHES: HEST is not enabled!
[    3.009202] ACPI: Battery Slot [BAT0] (battery present)
[    3.020139] Serial: 8250/16550 driver, 32 ports, IRQ sharing enabled
[    3.053150] 00:02: ttyS0 at I/O 0x3f8 (irq = 4, base_baud = 115200) is a 16550A
[    3.085738] Linux agpgart interface v0.103
[    3.108418] loop: module loaded
[    3.116561] scsi host0: ata_piix
[    3.121665] scsi host1: ata_piix
[    3.125886] ata1: PATA max UDMA/33 cmd 0x1f0 ctl 0x3f6 bmdma 0xd000 irq 14
[    3.133187] ata2: PATA max UDMA/33 cmd 0x170 ctl 0x376 bmdma 0xd008 irq 15
[    3.142264] libphy: Fixed MDIO Bus: probed
[    3.148684] tun: Universal TUN/TAP device driver, 1.6
[    3.156041] tun: (C) 1999-2004 Max Krasnyansky <maxk@qualcomm.com>
[    3.165722] PPP generic driver version 2.4.2
[    3.172708] ehci_hcd: USB 2.0 'Enhanced' Host Controller (EHCI) Driver
[    3.181726] ehci-pci: EHCI PCI platform driver
[    3.188769] ehci-platform: EHCI generic platform driver
[    3.196622] ohci_hcd: USB 1.1 'Open' Host Controller (OHCI) Driver
[    3.205506] ohci-pci: OHCI PCI platform driver
[    3.212103] ohci-platform: OHCI generic platform driver
[    3.219992] uhci_hcd: USB Universal Host Controller Interface driver
[    3.228862] i8042: PNP: PS/2 Controller [PNP0303:PS2K,PNP0f03:PS2M] at 0x60,0x64 irq 1,12
[    3.245570] serio: i8042 KBD port at 0x60,0x64 irq 1
[    3.253058] serio: i8042 AUX port at 0x60,0x64 irq 12
[    3.263161] mousedev: PS/2 mouse device common for all mice
[    3.277670] rtc_cmos rtc_cmos: rtc core: registered rtc_cmos as rtc0
[    3.287839] input: AT Translated Set 2 keyboard as /devices/platform/i8042/serio0/input/input2
[    3.301465] rtc_cmos rtc_cmos: alarms up to one day, 114 bytes nvram
[    3.311792] i2c /dev entries driver
[    3.317978] device-mapper: uevent: version 1.0.3
[    3.339045] device-mapper: ioctl: 4.34.0-ioctl (2015-10-28) initialised: dm-devel@redhat.com
[    3.351017] ledtrig-cpu: registered to indicate activity on CPUs
[    3.359313] NET: Registered protocol family 10
[    3.366110] NET: Registered protocol family 17
[    3.372736] Key type dns_resolver registered
[    3.382804] registered taskstats version 1
[    3.389084] Loading compiled-in X.509 certificates
[    3.397742] Loaded X.509 cert 'Build time autogenerated kernel key: cf00e047681d67edb2720680708b7d9498083038'
[    3.412806] zswap: loaded using pool lzo/zbud
[    3.427216] Key type trusted registered
[    3.444400] Key type encrypted registered
[    3.451685] AppArmor: AppArmor sha1 policy hashing enabled
[    3.461233] ima: No TPM chip found, activating TPM-bypass!
[    3.470758] ima: Allocated hash algorithm: sha1
[    3.478219] evm: HMAC attrs: 0x1
[    3.484682]   Magic number: 7:642:22
[    3.491025] rtc_cmos rtc_cmos: setting system clock to 2023-01-22 10:00:28 UTC (1674381628)
[    3.502924] BIOS EDD facility v0.16 2004-Jun-25, 0 devices found
[    3.510942] EDD information not available.
[    3.520771] Freeing unused kernel memory: 1492K
[    3.528175] Write protecting the kernel read-only data: 14336k
[    3.539765] Freeing unused kernel memory: 1584K
[    3.546599] Freeing unused kernel memory: 52K
Loading, please wait...
starting version 229
[    3.592174] random: systemd-udevd: uninitialized urandom read (16 bytes read, 9 bits of entropy available)
[    3.593785] random: udevadm: uninitialized urandom read (16 bytes read, 9 bits of entropy available)
[    3.593820] random: udevadm: uninitialized urandom read (16 bytes read, 9 bits of entropy available)
[    3.616446] random: udevadm: uninitialized urandom read (16 bytes read, 9 bits of entropy available)
[    3.616552] random: udevadm: uninitialized urandom read (16 bytes read, 9 bits of entropy available)
[    3.616751] random: udevadm: uninitialized urandom read (16 bytes read, 9 bits of entropy available)
[    3.616900] random: udevadm: uninitialized urandom read (16 bytes read, 9 bits of entropy available)
[    3.617022] random: udevadm: uninitialized urandom read (16 bytes read, 9 bits of entropy available)
[    3.617101] random: udevadm: uninitialized urandom read (16 bytes read, 9 bits of entropy available)
[    3.617242] random: udevadm: uninitialized urandom read (16 bytes read, 9 bits of entropy available)
[    3.834888] Fusion MPT base driver 3.04.20
[    3.844605] Copyright (c) 1999-2008 LSI Corporation
[    3.902028] e1000: Intel(R) PRO/1000 Network Driver - version 7.3.21-k8-NAPI
[    3.915301] e1000: Copyright (c) 1999-2006 Intel Corporation.
[    3.954052] SSE version of gcm_enc/dec engaged.
[    3.978717] Fusion MPT SPI Host driver 3.04.20
[    4.198614] input: ImExPS/2 Generic Explorer Mouse as /devices/platform/i8042/serio1/input/input4
[    5.089719] e1000 0000:00:03.0 eth0: (PCI:33MHz:32-bit) 02:be:82:6b:cc:1d
[    5.099082] e1000 0000:00:03.0 eth0: Intel(R) PRO/1000 Network Connection
[    5.874284] e1000 0000:00:08.0 eth1: (PCI:33MHz:32-bit) 08:00:27:d2:87:6e
[    5.882115] e1000 0000:00:08.0 eth1: Intel(R) PRO/1000 Network Connection
[    5.895416] e1000 0000:00:08.0 enp0s8: renamed from eth1
[    5.903323] mptbase: ioc0: Initiating bringup
[    5.919177] e1000 0000:00:03.0 enp0s3: renamed from eth0
[    5.990396] ioc0: LSI53C1030 A0: Capabilities={Initiator}
[    6.194323] scsi host2: ioc0: LSI53C1030 A0, FwRev=00000000h, Ports=1, MaxQ=256, IRQ=20
[    6.331373] scsi 2:0:0:0: Direct-Access     VBOX     HARDDISK         1.0  PQ: 0 ANSI: 5
[    6.347866] scsi target2:0:0: Beginning Domain Validation
[    6.361946] scsi target2:0:0: Domain Validation skipping write tests
[    6.368465] scsi target2:0:0: Ending Domain Validation
[    6.373355] scsi target2:0:0: asynchronous
[    6.380327] scsi 2:0:1:0: Direct-Access     VBOX     HARDDISK         1.0  PQ: 0 ANSI: 5
[    6.387182] scsi target2:0:1: Beginning Domain Validation
[    6.400427] scsi target2:0:1: Domain Validation skipping write tests
[    6.406134] scsi target2:0:1: Ending Domain Validation
[    6.410882] scsi target2:0:1: asynchronous
[    6.446036] sd 2:0:0:0: Attached scsi generic sg0 type 0
[    6.451354] sd 2:0:0:0: [sda] 83886080 512-byte logical blocks: (42.9 GB/40.0 GiB)
[    6.460163] sd 2:0:1:0: [sdb] 20480 512-byte logical blocks: (10.5 MB/10.0 MiB)
[    6.460223] sd 2:0:0:0: [sda] Write Protect is off
[    6.492033] sd 2:0:1:0: Attached scsi generic sg1 type 0
[    6.492730] sd 2:0:1:0: [sdb] Write Protect is off
[    6.493149] sd 2:0:1:0: [sdb] Incomplete mode parameter data
[    6.493150] sd 2:0:1:0: [sdb] Assuming drive cache: write through
[    6.495776] sd 2:0:0:0: [sda] Incomplete mode parameter data
[    6.495777] sd 2:0:0:0: [sda] Assuming drive cache: write through
[    6.499157]  sda: sda1
[    6.502086] sd 2:0:1:0: [sdb] Attached SCSI disk
[    6.504329] sd 2:0:0:0: [sda] Attached SCSI disk
Begin: Loading essential drivers ... [    8.218309] md: linear personality registered for level -1
[    8.229196] md: multipath personality registered for level -4
[    8.238534] md: raid0 personality registered for level 0
[    8.258361] md: raid1 personality registered for level 1
[    8.553428] raid6: sse2x1   gen() 42203 MB/s
[   10.555827] raid6: sse2x1   xor() 105759 MB/s
[   12.548367] raid6: sse2x2   gen() 196665 MB/s
[   13.608659] raid6: sse2x2   xor()  8548 MB/s
[   13.694022] raid6: sse2x4   gen() 17293 MB/s
[   13.769520] raid6: sse2x4   xor()  9200 MB/s
[   13.774619] raid6: using algorithm sse2x2 gen() 196665 MB/s
[   13.780591] raid6: .... xor() 8548 MB/s, rmw enabled
[   13.785496] raid6: using ssse3x2 recovery algorithm
[   13.793102] xor: measuring software checksum speed
[   13.835877]    prefetch64-sse: 20263.000 MB/sec
[   13.879821]    generic_sse: 20293.000 MB/sec
[   13.884926] xor: using function: generic_sse (20293.000 MB/sec)
[   13.893914] async_tx: api initialized (async)
[   13.944224] md: raid6 personality registered for level 6
[   13.950283] md: raid5 personality registered for level 5
[   13.955971] md: raid4 personality registered for level 4
[   13.982953] md: raid10 personality registered for level 10
done.
Begin: Running /scripts/init-premount ... done.
Begin: Mounting root file system ... Begin: Running /scripts/local-top ... done.
Begin: Running /scripts/local-premount ... [   14.078940] Btrfs loaded
Scanning for Btrfs filesystems
done.
Warning: fsck not present, so skipping root file system
[   14.146572] EXT4-fs (sda1): mounted filesystem with ordered data mode. Opts: (null)
done.
Begin: Running /scripts/local-bottom ... done.
Begin: Running /scripts/init-bottom ... done.
[   14.367003] systemd[1]: systemd 229 running in system mode. (+PAM +AUDIT +SELINUX +IMA +APPARMOR +SMACK +SYSVINIT +UTMP +LIBCRYPTSETUP +GCRYPT +GNUTLS +ACL +XZ -LZ4 +SECCOMP +BLKID +ELFUTILS +KMOD -IDN)
[   14.386881] systemd[1]: Detected virtualization oracle.
[   14.392951] systemd[1]: Detected architecture x86-64.

Welcome to [1mUbuntu 16.04.7 LTS[0m!

[   14.412508] systemd[1]: Set hostname to <ubuntu>.
[   14.425706] systemd[1]: Initializing machine ID from random generator.
[   14.432745] systemd[1]: Installed transient /etc/machine-id file.
[   14.670541] systemd[1]: Listening on Journal Socket.
[[0;32m  OK  [0m] Listening on Journal Socket.
[   14.683324] systemd[1]: Set up automount Arbitrary Executable File Formats File System Automount Point.
[[0;32m  OK  [0m] Set up automount Arbitrary Executab...ats File System Automount Point.
[   14.703225] systemd[1]: Created slice System Slice.
[[0;32m  OK  [0m] Created slice System Slice.
[   14.732385] systemd[1]: Starting Load Kernel Modules...
         Starting Load Kernel Modules...
[   14.751364] systemd[1]: Reached target System Time Synchronized.
[[0;32m  OK  [0m] Reached target System Time Synchronized.
[   14.767321] systemd[1]: Listening on Device-mapper event daemon FIFOs.
[   14.777225] Loading iSCSI transport class v2.0-870.
[[0;32m  OK  [0m] Listening on Device-mapper event daemon FIFOs.
[   14.788537] systemd[1]: Listening on Syslog Socket.
[[0;32m  OK  [0m] [   14.801101] random: nonblocking pool is initialized
Listening on Syslog Socket.
[   14.811746] systemd[1]: Reached target Encrypted Volumes.
[   14.820139] iscsi: registered transport (tcp)
[[0;32m  OK  [0m] Reached target Encrypted Volumes.
[   14.831450] systemd[1]: Reached target User and Group Name Lookups.
[[0;32m  OK  [0m] Reached target User and Group Name Lookups.
[   14.860321] systemd[1]: Mounting Huge Pages File System...
         Mounting Huge Pages File System...
[   14.878124] systemd[1]: Listening on /dev/initctl Compatibility Named Pipe.
[[0;32m  OK  [0m] Listening on /dev/initctl Compatibility Named Pipe.
[   14.917382] systemd[1]: Starting Nameserver information manager...
         Starting Nameserver information manager...
[   14.938530] systemd[1]: Created slice system-serial\x2dgetty.slice.
[[0;32m  OK  [0m] Created slice system-serial\x2dgetty.slice.
[   14.960967] systemd[1]: Starting Create list of required static device nodes for the current kernel...
[   14.974702] iscsi: registered transport (iser)
         Starting Create list of required st... nodes for the current kernel...
[   14.986520] systemd[1]: Listening on udev Kernel Socket.
[[0;32m  OK  [0m] Listening on udev Kernel Socket.
[   14.999930] systemd[1]: Listening on LVM2 metadata daemon socket.
[[0;32m  OK  [0m] Listening on LVM2 metadata daemon socket.
[   15.015691] systemd[1]: Starting Monitoring of LVM2 mirrors, snapshots etc. using dmeventd or progress polling...
         Starting Monitoring of LVM2 mirrors... dmeventd or progress polling...
[   15.038430] systemd[1]: Created slice User and Session Slice.
[[0;32m  OK  [0m] Created slice User and Session Slice.
[   15.057825] systemd[1]: Reached target Swap.
[[0;32m  OK  [0m] Reached target Swap.
[   15.074091] systemd[1]: Started Forward Password Requests to Wall Directory Watch.
[[0;32m  OK  [0m] Started Forward Password Requests to Wall Directory Watch.
[   15.092036] systemd[1]: Listening on Journal Audit Socket.
[[0;32m  OK  [0m] Listening on Journal Audit Socket.
[   15.121321] systemd[1]: Mounting POSIX Message Queue File System...
         Mounting POSIX Message Queue File System...
[   15.139271] systemd[1]: Listening on udev Control Socket.
[[0;32m  OK  [0m] Listening on udev Control Socket.
[   15.153008] systemd[1]: Listening on fsck to fsckd communication Socket.
[[0;32m  OK  [0m] Listening on fsck to fsckd communication Socket.
[   15.170388] systemd[1]: Starting File System Check on Root Device...
         Starting File System Check on Root Device...
[   15.189332] systemd[1]: Started Trigger resolvconf update for networkd DNS.
[[0;32m  OK  [0m] Started Trigger resolvconf update for networkd DNS.
[   15.214510] systemd[1]: Listening on Journal Socket (/dev/log).
[[0;32m  OK  [0m] Listening on Journal Socket (/dev/log).
[   15.240558] systemd[1]: Starting Journal Service...
         Starting Journal Service...
[   15.258795] systemd[1]: Mounting Debug File System...
         Mounting Debug File System...
[   15.276614] systemd[1]: Reached target Slices.
[[0;32m  OK  [0m] Reached target Slices.
[   15.290801] systemd[1]: Listening on LVM2 poll daemon socket.
[[0;32m  OK  [0m] Listening on LVM2 poll daemon socket.
[   15.306996] systemd[1]: Starting Uncomplicated firewall...
         Starting Uncomplicated firewall...
[   15.326202] systemd[1]: Starting Set console keymap...
         Starting Set console keymap...
[   15.347109] systemd[1]: Mounted Huge Pages File System.
[[0;32m  OK  [0m] Mounted Huge Pages File System.
[   15.366643] systemd[1]: Mounted POSIX Message Queue File System.
[[0;32m  OK  [0m] Mounted POSIX Message Queue File System.
[   15.386127] systemd[1]: Mounted Debug File System.
[[0;32m  OK  [0m] Mounted Debug File System.
[   15.402329] systemd[1]: Started Journal Service.
[[0;32m  OK  [0m] Started Journal Service.
[[0;32m  OK  [0m] Started Load Kernel Modules.
[[0;32m  OK  [0m] Started Create list of required sta...ce nodes for the current kernel.
[[0;32m  OK  [0m] Started File System Check on Root Device.
[[0;32m  OK  [0m] Started Uncomplicated firewall.
[[0;32m  OK  [0m] Started Set console keymap.
[[0;32m  OK  [0m] Started Nameserver information manager.
[[0;32m  OK  [0m] Started File System Check Daemon to report status.
[[0;32m  OK  [0m] Started LVM2 metadata daemon.
         Starting Remount Root and Kernel File Systems...
         Starting Create Static Device Nodes in /dev...
         Mounting FUSE Control File System...
[   15.571026] EXT4-fs (sda1): re-mounted. Opts: (null)
         Starting Apply Kernel Variables...
[[0;32m  OK  [0m] Mounted FUSE Control File System.
[[0;32m  OK  [0m] Started Remount Root and Kernel File Systems.
[[0;32m  OK  [0m] Started Create Static Device Nodes in /dev.
[[0;32m  OK  [0m] Started Apply Kernel Variables.
         Starting udev Kernel Device Manager...
         Starting udev Coldplug all Devices...
         Starting Load/Save Random Seed...
         Starting Flush Journal to Persistent Storage...
[[0;32m  OK  [0m] Started udev Kernel Device Manager.
[[0;32m  OK  [0m] Started Load/Save Random Seed.
[[0;32m  OK  [0m] Started Flush Journal to Persistent Storage.
[[0;32m  OK  [0m] Started udev Coldplug all Devices.
[[0;32m  OK  [0m] Started Dispatch Password Requests to Console Directory Watch.
[[0;32m  OK  [0m] Started Monitoring of LVM2 mirrors,...ng dmeventd or progress polling.
[[0;32m  OK  [0m] Reached target Local File Systems (Pre).
[[0;32m  OK  [0m] Reached target Local File Systems.
         Starting Create Volatile Files and Directories...
         Starting Commit a transient machine-id on disk...
         Starting Tell Plymouth To Write Out Runtime Data...
         Starting Set console font and keymap...
         Starting LSB: AppArmor initialization...
         Starting Initial cloud-init job (pre-networking)...
[[0;32m  OK  [0m] Started Create Volatile Files and Directories.
         Starting Update UTMP about System Boot/Shutdown...
[[0;32m  OK  [0m] Started Commit a transient machine-id on disk.
[[0;32m  OK  [0m] Started Tell Plymouth To Write Out Runtime Data.
[[0;32m  OK  [0m] Started Update UTMP about System Boot/Shutdown.
[[0;32m  OK  [0m] Found device /dev/ttyS0.
[[0;32m  OK  [0m] Listening on Load/Save RF Kill Switch Status /dev/rfkill Watch.
[[0;32m  OK  [0m] Started LSB: AppArmor initialization.
[   17.947273] cloud-init[506]: Cloud-init v. 21.1-19-gbad84ad4-0ubuntu1~16.04.2 running 'init-local' at Sun, 22 Jan 2023 10:00:43 +0000. Up 16.79 seconds.
         Starting Load AppArmor profiles managed internally by snapd...
[[0;32m  OK  [0m] Started Initial cloud-init job (pre-networking).
[[0;32m  OK  [0m] Started Load AppArmor profiles managed internally by snapd.
[[0;32m  OK  [0m] Reached target Network (Pre).
         Starting Raise network interfaces...
[[0;32m  OK  [0m] Started Set console font and keymap.
[[0;32m  OK  [0m] Created slice system-getty.slice.
[[0;32m  OK  [0m] Started Raise network interfaces.
[[0;32m  OK  [0m] Reached target Network.
         Starting Initial cloud-init job (metadata service crawler)...
[   20.416467] cloud-init[965]: Cloud-init v. 21.1-19-gbad84ad4-0ubuntu1~16.04.2 running 'init' at Sun, 22 Jan 2023 10:00:46 +0000. Up 19.80 seconds.
[   20.423472] cloud-init[965]: ci-info: ++++++++++++++++++++++++++++++++++++++Net device info+++++++++++++++++++++++++++++++++++++++
[   20.430608] cloud-init[965]: ci-info: +--------+-------+----------------------------+---------------+--------+-------------------+
[   20.437952] cloud-init[965]: ci-info: | Device |   Up  |          Address           |      Mask     | Scope  |     Hw-Address    |
[   20.444962] cloud-init[965]: ci-info: +--------+-------+----------------------------+---------------+--------+-------------------+
[   20.451919] cloud-init[965]: ci-info: | enp0s3 |  True |         10.0.2.15          | 255.255.255.0 | global | 02:be:82:6b:cc:1d |
[   20.459150] cloud-init[965]: ci-info: | enp0s3 |  True | fe80::be:82ff:fe6b:cc1d/64 |       .       |  link  | 02:be:82:6b:cc:1d |
[   20.466273] cloud-init[965]: ci-info: | enp0s8 | False |             .              |       .       |   .    | 08:00:27:d2:87:6e |
[   20.473305] cloud-init[965]: ci-info: |   lo   |  True |         127.0.0.1          |   255.0.0.0   |  host  |         .         |
[   20.479648] cloud-init[965]: ci-info: |   lo   |  True |          ::1/128           |       .       |  host  |         .         |
[   20.486134] cloud-init[965]: ci-info: +--------+-------+----------------------------+---------------+--------+-------------------+
[   20.492688] cloud-init[965]: ci-info: +++++++++++++++++++++++++++Route IPv4 info++++++++++++++++++++++++++++
[   20.498603] cloud-init[965]: ci-info: +-------+-------------+----------+---------------+-----------+-------+
[   20.504555] cloud-init[965]: ci-info: | Route | Destination | Gateway  |    Genmask    | Interface | Flags |
[   20.510026] cloud-init[965]: ci-info: +-------+-------------+----------+---------------+-----------+-------+
[   20.515976] cloud-init[965]: ci-info: |   0   |   0.0.0.0   | 10.0.2.2 |    0.0.0.0    |   enp0s3  |   UG  |
[   20.521879] cloud-init[965]: ci-info: |   1   |   10.0.2.0  | 0.0.0.0  | 255.255.255.0 |   enp0s3  |   U   |
[   20.527584] cloud-init[965]: ci-info: +-------+-------------+----------+---------------+-----------+-------+
[   20.533541] cloud-init[965]: ci-info: +++++++++++++++++++Route IPv6 info+++++++++++++++++++
[   20.538690] cloud-init[965]: ci-info: +-------+-------------+---------+-----------+-------+
[   20.543969] cloud-init[965]: ci-info: | Route | Destination | Gateway | Interface | Flags |
[   20.549262] cloud-init[965]: ci-info: +-------+-------------+---------+-----------+-------+
[   20.554292] cloud-init[965]: ci-info: |   0   |  fe80::/64  |    ::   |   enp0s3  |   U   |
[   20.555746] cloud-init[965]: ci-info: |   3   |   ff00::/8  |    ::   |   enp0s3  |   U   |
[   20.556769] cloud-init[965]: ci-info: +-------+-------------+---------+-----------+-------+
[   20.557202] cloud-init[965]: Generating public/private rsa key pair.
[   20.557621] cloud-init[965]: Your identification has been saved in /etc/ssh/ssh_host_rsa_key.
[   20.558081] cloud-init[965]: Your public key has been saved in /etc/ssh/ssh_host_rsa_key.pub.
[   20.558505] cloud-init[965]: The key fingerprint is:
[   20.558925] cloud-init[965]: SHA256:n2+62d7gmJAIC569SWLyvMtjRhEQBbxOT6htXLaIYfc root@ubuntu-xenial
[   20.559377] cloud-init[965]: The key's randomart image is:
[   20.559801] cloud-init[965]: +---[RSA 2048]----+
[   20.560735] cloud-init[965]: |==.              |
[   20.561188] cloud-init[965]: | ..              |
[   20.561624] cloud-init[965]: |  o.             |
[   20.562063] cloud-init[965]: |.=.oo            |
[   20.562491] cloud-init[965]: |====o.  S        |
[   20.562906] cloud-init[965]: |oo*=.E . o .     |
[   20.563363] cloud-init[965]: |.o= + . o o .    |
[   20.563772] cloud-init[965]: | *+o o   . B.o   |
[   20.564851] cloud-init[965]: | o*+o     *== .  |
[   20.565280] cloud-init[965]: +----[SHA256]-----+
[   20.565673] cloud-init[965]: Generating public/private dsa key pair.
[   20.566112] cloud-init[965]: Your identification has been saved in /etc/ssh/ssh_host_dsa_key.
[   20.566533] cloud-init[965]: Your public key has been saved in /etc/ssh/ssh_host_dsa_key.pub.
[   20.566974] cloud-init[965]: The key fingerprint is:
[   20.567396] cloud-init[965]: SHA256:uAlNAI3ZcVRKcEYnmdxEQ06WX+VSrc/gISjHlHvozEk root@ubuntu-xenial
[   20.567820] cloud-init[965]: The key's randomart image is:
[   20.568761] cloud-init[965]: +---[DSA 1024]----+
[   20.569213] cloud-init[965]: |  .*+*OOX. . .o. |
[   20.569631] cloud-init[965]: |  o o*+Bo.o .o  .|
[   20.570080] cloud-init[965]: |      o .+ =. .. |
[   20.570496] cloud-init[965]: |     o .. E o.+  |
[   20.570945] cloud-init[965]: |    . o SB o o = |
[   20.571385] cloud-init[965]: |     . o  =   . o|
[   20.571821] cloud-init[965]: |      o          |
[   20.572979] cloud-init[965]: |                 |
[   20.573413] cloud-init[965]: |                 |
[   20.573852] cloud-init[965]: +----[SHA256]-----+
[   20.574285] cloud-init[965]: Generating public/private ecdsa key pair.
[   20.574746] cloud-init[965]: Your identification has been saved in /etc/ssh/ssh_host_ecdsa_key.
[   20.575155] cloud-init[965]: Your public key has been saved in /etc/ssh/ssh_host_ecdsa_key.pub.
[   20.575579] cloud-init[965]: The key fingerprint is:
[   20.576022] cloud-init[965]: SHA256:yfr3FOslzxT76b5s5VwYnSOsKg9dpmrz4qmZd7YowHw root@ubuntu-xenial
[   20.576944] cloud-init[965]: The key's randomart image is:
[   20.577380] cloud-init[965]: +---[ECDSA 256]---+
[   20.577782] cloud-init[965]: |                 |
[   20.578200] cloud-init[965]: |                 |
[   20.578625] cloud-init[965]: |            .  ..|
[   20.579042] cloud-init[965]: |       . .   o.o.|
[   20.579531] cloud-init[965]: |  o     S  oo oo.|
[   20.579926] cloud-init[965]: |   + E .. +. o.oo|
[   20.580861] cloud-init[965]: |    o .. o. + +oo|
[   20.581309] cloud-init[965]: |     .oB=+.o *.o+|
[   20.581726] cloud-init[965]: |     +*=X=..o **o|
[   20.582169] cloud-init[965]: +----[SHA256]-----+
[   20.582603] cloud-init[965]: Generating public/private ed25519 key pair.
[   20.583046] cloud-init[965]: Your identification has been saved in /etc/ssh/ssh_host_ed25519_key.
[   20.583488] cloud-init[965]: Your public key has been saved in /etc/ssh/ssh_host_ed25519_key.pub.
[   20.583909] cloud-init[965]: The key fingerprint is:
[   20.584882] cloud-init[965]: SHA256:yC+JsqEL/Dq9pLLGiZ+Q3mLkjz0EzFV5dDCdYstIdN0 root@ubuntu-xenial
[   20.585330] cloud-init[965]: The key's randomart image is:
[   20.585780] cloud-init[965]: +--[ED25519 256]--+
[   20.586234] cloud-init[965]: |    ooo=+.o      |
[   20.586685] cloud-init[965]: |   . o.+o+ E     |
[   20.587312] cloud-init[965]: |o . . = o        |
[   20.587648] cloud-init[965]: | +   o +         |
[   20.588258] cloud-init[965]: |  .   o S        |
[   20.588614] cloud-init[965]: |.o . . o         |
[   20.589055] cloud-init[965]: |O.*.. o .        |
[   20.589513] cloud-init[965]: |=@BB   .         |
[   20.589952] cloud-init[965]: |BOO*o            |
[   20.590385] cloud-init[965]: +----[SHA256]-----+
[[0;32m  OK  [0m] Started Initial cloud-init job (metadata service crawler).
[[0;32m  OK  [0m] Reached target Cloud-config availability.
[[0;32m  OK  [0m] Reached target Network is Online.
         Starting iSCSI initiator daemon (iscsid)...
[[0;32m  OK  [0m] Reached target System Initialization.
         Starting Socket activation for snappy daemon.
[[0;32m  OK  [0m] Listening on ACPID Listen Socket.
[[0;32m  OK  [0m] Started ACPI Events Check.
[[0;32m  OK  [0m] Reached target Paths.
[[0;32m  OK  [0m] Listening on UUID daemon activation socket.
[[0;32m  OK  [0m] Started Daily apt download activities.
[[0;32m  OK  [0m] Started Daily apt upgrade and clean activities.
[[0;32m  OK  [0m] Listening on D-Bus System Message Bus Socket.
         Starting LXD - unix socket.
[[0;32m  OK  [0m] Started Daily Cleanup of Temporary Directories.
[[0;32m  OK  [0m] Started Message of the Day.
[[0;32m  OK  [0m] Started Ubuntu Advantage update messaging.
[[0;32m  OK  [0m] Reached target Timers.
[[0;32m  OK  [0m] Listening on Socket activation for snappy daemon.
[[0;32m  OK  [0m] Listening on LXD - unix socket.
[[0;32m  OK  [0m] Reached target Sockets.
[[0;32m  OK  [0m] Reached target Basic System.
         Starting Login Service...
         Starting Pollinate to seed the pseudo random number generator...
[[0;32m  OK  [0m] Started ACPI event daemon.
         Starting /etc/rc.local Compatibility...
         Starting LSB: MD monitoring daemon...
[[0;32m  OK  [0m] Started Regular background program processing daemon.
         Starting LXD - container startup/shutdown...
         Starting Accounts Service...
         Starting Virtualbox guest utils...
         Starting LSB: Record successful boot for GRUB...
[[0;32m  OK  [0m] Started Deferred execution scheduler.
[[0;32m  OK  [0m] Started D-Bus System Message Bus.
[[0;32m  OK  [0m] Started FUSE filesystem for LXC.
         Starting System Logging Service...
         Starting Snap Daemon...
[[0;32m  OK  [0m] Started iSCSI initiator daemon (iscsid).
[[0;32m  OK  [0m] Started /etc/rc.local Compatibility.
         Starting Login to default iSCSI targets...
[[0;32m  OK  [0m] Started Login Service.
[[0;32m  OK  [0m] Started System Logging Service.
[[0;32m  OK  [0m] Started LSB: MD monitoring daemon.
[[0;32m  OK  [0m] Started LSB: Record successful boot for GRUB.
         Starting Authenticate and Authorize Users to Run Privileged Tasks...
[[0;32m  OK  [0m] Started Unattended Upgrades Shutdown.
[[0;32m  OK  [0m] Started LXD - container startup/shutdown.
[[0;32m  OK  [0m] Started Authenticate and Authorize Users to Run Privileged Tasks.
[[0;32m  OK  [0m] Started Accounts Service.
[[0;32m  OK  [0m] Started Login to default iSCSI targets.
[[0;32m  OK  [0m] Reached target Remote File Systems (Pre).
[[0;32m  OK  [0m] Reached target Remote File Systems.
         Starting LSB: automatic crash report generation...
         Starting Permit User Sessions...
         Starting LSB: daemon to balance interrupts for SMP systems...
         Starting LSB: Set the CPU Frequency Scaling governor to "ondemand"...
[[0;32m  OK  [0m] Started Pollinate to seed the pseudo random number generator.
[[0;32m  OK  [0m] Started Permit User Sessions.
[[0;32m  OK  [0m] Started Virtualbox guest utils.
         Starting Terminate Plymouth Boot Screen...
         Starting Hold until boot process finishes up...
         Starting OpenBSD Secure Shell server...
[[0;32m  OK  [0m] Started LSB: Set the CPU Frequency Scaling governor to "ondemand".
[[0;32m  OK  [0m] Started Terminate Plymouth Boot Screen.
[[0;32m  OK  [0m] Started Hold until boot process finishes up.
         Starting Set console scheme...
[[0;32m  OK  [0m] Started Getty on tty1.
[[0;32m  OK  [0m] Started Serial Getty on ttyS0.
[[0;32m  OK  [0m] Reached target Login Prompts.
[[0;32m  OK  [0m] Started LSB: automatic crash report generation.
[[0;32m  OK  [0m] Started LSB: daemon to balance interrupts for SMP systems.
[[0;32m  OK  [0m] Started Set console scheme.
[[0;32m  OK  [0m] Started OpenBSD Secure Shell server.
[[0;32m  OK  [0m] Started Snap Daemon.
         Starting Wait until snapd is fully seeded...
[[0;32m  OK  [0m] Started Wait until snapd is fully seeded.
         Starting Apply the settings specified in cloud-config...
[[0;32m  OK  [0m] Reached target Multi-User System.
[[0;32m  OK  [0m] Reached target Graphical Interface.
         Starting Update UTMP about System Runlevel Changes...
[[0;32m  OK  [0m] Started Update UTMP about System Runlevel Changes.
[   23.712500] cloud-init[1313]: Generating locales (this might take a while)...
[   24.983741] cloud-init[1313]:   en_US.UTF-8... done
[   24.994960] cloud-init[1313]: Generation complete.
[   25.429777] cloud-init[1313]: Cloud-init v. 21.1-19-gbad84ad4-0ubuntu1~16.04.2 running 'modules:config' at Sun, 22 Jan 2023 10:00:49 +0000. Up 23.59 seconds.
[[0;32m  OK  [0m] Started Apply the settings specified in cloud-config.
         Starting Execute cloud user/final scripts...
ci-info: no authorized SSH keys fingerprints found for user ubuntu.
<14>Jan 22 10:00:52 ec2: 
<14>Jan 22 10:00:52 ec2: #############################################################
<14>Jan 22 10:00:52 ec2: -----BEGIN SSH HOST KEY FINGERPRINTS-----
<14>Jan 22 10:00:52 ec2: 1024 SHA256:uAlNAI3ZcVRKcEYnmdxEQ06WX+VSrc/gISjHlHvozEk root@ubuntu-xenial (DSA)
<14>Jan 22 10:00:52 ec2: 256 SHA256:yfr3FOslzxT76b5s5VwYnSOsKg9dpmrz4qmZd7YowHw root@ubuntu-xenial (ECDSA)
<14>Jan 22 10:00:52 ec2: 256 SHA256:yC+JsqEL/Dq9pLLGiZ+Q3mLkjz0EzFV5dDCdYstIdN0 root@ubuntu-xenial (ED25519)
<14>Jan 22 10:00:52 ec2: 2048 SHA256:n2+62d7gmJAIC569SWLyvMtjRhEQBbxOT6htXLaIYfc root@ubuntu-xenial (RSA)
<14>Jan 22 10:00:52 ec2: -----END SSH HOST KEY FINGERPRINTS-----
<14>Jan 22 10:00:52 ec2: #############################################################
-----BEGIN SSH HOST KEY KEYS-----
ecdsa-sha2-nistp256 AAAAE2VjZHNhLXNoYTItbmlzdHAyNTYAAAAIbmlzdHAyNTYAAABBBONh7D4w7F4xHltQVmgRn34KFgo/bu0Ac3B/dPDsM5ouW5hmwpVJLnXrq1eiYHRq4vYO9VJ6AzYINrJHt4U3MmY= root@ubuntu-xenial
ssh-ed25519 AAAAC3NzaC1lZDI1NTE5AAAAIE3IuvV/X8ywhkYJLFDwpKvHhmRIP5Y3fJ4ExeI4H9Eb root@ubuntu-xenial
ssh-rsa AAAAB3NzaC1yc2EAAAADAQABAAABAQCjNZUn8FT8P0OZbupT00y76PhAWgEnrHrkf7b2sjtAmb88okbVPzJvlximrhAjV0SdoOWfb5FqR7nr26+/Pi/mVbgKxZulqcVhpf8Mdteqyp2nM//Y3bvtmQL/TqMVFbpVMF2OdmLjVyC2a4FaSTMxKJJjwJ1Ravovm/+tU5YAro5prxm/ih70+t8EbIe6+MLszIK1Lr+x0y/h7r0O3GxSU5eXtrnqImUzYXxS9g8T0xFqfidCmhnJUG6QP3u/I8v05dXpb8v6TjZXPjUmWSuGEM2M4tzX/EdQ7kE5nhYfqLFPxULVwt8Mhbn34EhA6zmQ+hnyDk8uPpSTc5jpMN6X root@ubuntu-xenial
-----END SSH HOST KEY KEYS-----
[   26.015612] cloud-init[1356]: Cloud-init v. 21.1-19-gbad84ad4-0ubuntu1~16.04.2 running 'modules:final' at Sun, 22 Jan 2023 10:00:52 +0000. Up 25.76 seconds.
[   26.024003] cloud-init[1356]: ci-info: no authorized SSH keys fingerprints found for user ubuntu.
[   26.029979] cloud-init[1356]: Cloud-init v. 21.1-19-gbad84ad4-0ubuntu1~16.04.2 finished at Sun, 22 Jan 2023 10:00:52 +0000. Datasource DataSourceNoCloud [seed=/dev/sdb][dsmode=net].  Up 26.00 seconds
[[0;32m  OK  [0m] Started Execute cloud user/final scripts.
[[0;32m  OK  [0m] Reached target Cloud-init target.

Ubuntu 16.04.7 LTS ubuntu-xenial ttyS0

ubuntu-xenial login: 